#
# There is insufficient memory for the Java Runtime Environment to continue.
# Native memory allocation (mmap) failed to map 723517440 bytes for Failed to commit area from 0x0000000634800000 to 0x000000065fa00000 of length 723517440.
# Possible reasons:
#   The system is out of physical RAM or swap space
#   The process is running with CompressedOops enabled, and the Java Heap may be blocking the growth of the native heap
# Possible solutions:
#   Reduce memory load on the system
#   Increase physical memory or swap space
#   Check if swap backing store is full
#   Decrease Java heap size (-Xmx/-Xms)
#   Decrease number of Java threads
#   Decrease Java thread stack sizes (-Xss)
#   Set larger code cache with -XX:ReservedCodeCacheSize=
#   JVM is running with Zero Based Compressed Oops mode in which the Java heap is
#     placed in the first 32GB address space. The Java Heap base address is the
#     maximum limit for the native heap growth. Please use -XX:HeapBaseMinAddress
#     to set the Java Heap base and to place the Java Heap above 32GB virtual address.
# This output file may be truncated or incomplete.
#
#  Out of Memory Error (./src/hotspot/os/windows/os_windows.cpp:3303), pid=17428, tid=25328
#
# JRE version: OpenJDK Runtime Environment (11.0.7+10) (build 11.0.7+10-LTS)
# Java VM: OpenJDK 64-Bit Server VM (11.0.7+10-LTS, mixed mode, tiered, compressed oops, g1 gc, windows-amd64)
# No core dump will be written. Minidumps are not enabled by default on client versions of Windows
#

---------------  S U M M A R Y ------------

Command Line: -ea -Didea.test.cyclic.buffer.size=1048576 -javaagent:C:\Program Files\JetBrains\IntelliJ IDEA Community Edition 2019.2\lib\idea_rt.jar=60369:C:\Program Files\JetBrains\IntelliJ IDEA Community Edition 2019.2\bin -Dfile.encoding=UTF-8 com.intellij.rt.junit.JUnitStarter -ideVersion5 -junit4 com.amazonaws.connectors.athena.cassandra.CassandraRecordHandlerNyTaxiIT

Host: Intel(R) Core(TM) i7-8700 CPU @ 3.20GHz, 12 cores, 31G,  Windows 10 , 64 bit Build 19041 (10.0.19041.292)
Time: Sun Sep 20 12:31:36 2020 Pacific Daylight Time elapsed time: 22 seconds (0d 0h 0m 22s)

---------------  T H R E A D  ---------------

Current thread (0x000002c980594800):  VMThread "VM Thread" [stack: 0x000000df2ac00000,0x000000df2ad00000] [id=25328]

Stack: [0x000000df2ac00000,0x000000df2ad00000]
[error occurred during error reporting (printing stack bounds), id 0xc0000005, EXCEPTION_ACCESS_VIOLATION (0xc0000005) at pc=0x000002c9db210dad]

Native frames: (J=compiled Java code, j=interpreted, Vv=VM code, C=native code)
V  [jvm.dll+0x5dee8a]
V  [jvm.dll+0x71694e]
V  [jvm.dll+0x71801f]
V  [jvm.dll+0x718645]
V  [jvm.dll+0x7185fb]
V  [jvm.dll+0x5de483]
V  [jvm.dll+0x5deb38]
C  [ntdll.dll+0xa111f]
C  [ntdll.dll+0x4b474]
C  [ntdll.dll+0x9fc4e]
C  0x000002c9db210dad

VM_Operation (0x000000df2a6fb9f0): G1CollectForAllocation, mode: safepoint, requested by thread 0x000002c9d0a0e000


---------------  P R O C E S S  ---------------

Threads class SMR info:
_java_thread_list=0x000002c983970970, length=18, elements={
0x000002c9d0a0e000, 0x000002c9805b8800, 0x000002c9805c1000, 0x000002c98060d800,
0x000002c98060e800, 0x000002c98060f800, 0x000002c98061a000, 0x000002c98061c000,
0x000002c980790800, 0x000002c981318800, 0x000002c981319800, 0x000002c9839d9000,
0x000002c9821a9000, 0x000002c98385f800, 0x000002c983fe9000, 0x000002c984058800,
0x000002c9840ed800, 0x000002c987cf1000
}

Java Threads: ( => current thread )
  0x000002c9d0a0e000 JavaThread "main" [_thread_blocked, id=21784, stack(0x000000df2a600000,0x000000df2a700000)]
  0x000002c9805b8800 JavaThread "Reference Handler" daemon [_thread_blocked, id=19112, stack(0x000000df2ad00000,0x000000df2ae00000)]
  0x000002c9805c1000 JavaThread "Finalizer" daemon [_thread_blocked, id=25596, stack(0x000000df2ae00000,0x000000df2af00000)]
  0x000002c98060d800 JavaThread "Signal Dispatcher" daemon [_thread_blocked, id=26916, stack(0x000000df2af00000,0x000000df2b000000)]
  0x000002c98060e800 JavaThread "Attach Listener" daemon [_thread_blocked, id=23460, stack(0x000000df2b000000,0x000000df2b100000)]
  0x000002c98060f800 JavaThread "C2 CompilerThread0" daemon [_thread_blocked, id=23888, stack(0x000000df2b100000,0x000000df2b200000)]
  0x000002c98061a000 JavaThread "C1 CompilerThread0" daemon [_thread_blocked, id=24876, stack(0x000000df2b200000,0x000000df2b300000)]
  0x000002c98061c000 JavaThread "Sweeper thread" daemon [_thread_blocked, id=2300, stack(0x000000df2b300000,0x000000df2b400000)]
  0x000002c980790800 JavaThread "Common-Cleaner" daemon [_thread_blocked, id=8892, stack(0x000000df2b400000,0x000000df2b500000)]
  0x000002c981318800 JavaThread "Monitor Ctrl-Break" daemon [_thread_in_native, id=27580, stack(0x000000df2b600000,0x000000df2b700000)]
  0x000002c981319800 JavaThread "Service Thread" daemon [_thread_blocked, id=21916, stack(0x000000df2b700000,0x000000df2b800000)]
  0x000002c9839d9000 JavaThread "s0-admin-0" [_thread_blocked, id=19828, stack(0x000000df2b500000,0x000000df2b600000)]
  0x000002c9821a9000 JavaThread "s0-admin-1" [_thread_blocked, id=12276, stack(0x000000df2c500000,0x000000df2c600000)]
  0x000002c98385f800 JavaThread "s0-io-0" [_thread_in_native, id=14116, stack(0x000000df2c200000,0x000000df2c300000)]
  0x000002c983fe9000 JavaThread "s0-io-1" [_thread_in_native, id=25256, stack(0x000000df2c700000,0x000000df2c800000)]
  0x000002c984058800 JavaThread "s0-io-2" [_thread_in_native, id=9860, stack(0x000000df2c800000,0x000000df2c900000)]
  0x000002c9840ed800 JavaThread "s0-io-3" [_thread_in_native, id=24256, stack(0x000000df2cb00000,0x000000df2cc00000)]
  0x000002c987cf1000 JavaThread "Cleaner-0" daemon [_thread_blocked, id=7896, stack(0x000000df2cc00000,0x000000df2cd00000)]

Other Threads:
=>0x000002c980594800 VMThread "VM Thread" [stack: 0x000000df2ac00000,0x000000df2ad00000] [id=25328]
  0x000002c98131a000 WatcherThread [stack: 0x000000df2b800000,0x000000df2b900000] [id=26280]
  0x000002c9d2bc3000 GCTaskThread "GC Thread#0" [stack: 0x000000df2a700000,0x000000df2a800000] [id=7740]
  0x000002c981b2e800 GCTaskThread "GC Thread#1" [stack: 0x000000df2b900000,0x000000df2ba00000] [id=26484]
  0x000002c981e27000 GCTaskThread "GC Thread#2" [stack: 0x000000df2ba00000,0x000000df2bb00000] [id=24512]
  0x000002c981a9b800 GCTaskThread "GC Thread#3" [stack: 0x000000df2bb00000,0x000000df2bc00000] [id=18664]
  0x000002c981bc5000 GCTaskThread "GC Thread#4" [stack: 0x000000df2bc00000,0x000000df2bd00000] [id=23392]
  0x000002c982096800 GCTaskThread "GC Thread#5" [stack: 0x000000df2bd00000,0x000000df2be00000] [id=908]
  0x000002c9816a6000 GCTaskThread "GC Thread#6" [stack: 0x000000df2be00000,0x000000df2bf00000] [id=22812]
  0x000002c981e77800 GCTaskThread "GC Thread#7" [stack: 0x000000df2bf00000,0x000000df2c000000] [id=19076]
  0x000002c98167c800 GCTaskThread "GC Thread#8" [stack: 0x000000df2c000000,0x000000df2c100000] [id=27028]
  0x000002c98167d000 GCTaskThread "GC Thread#9" [stack: 0x000000df2c100000,0x000000df2c200000] [id=27284]
  0x000002c9d2c40800 ConcurrentGCThread "G1 Main Marker" [stack: 0x000000df2a800000,0x000000df2a900000] [id=16656]
  0x000002c9d2c41800 ConcurrentGCThread "G1 Conc#0" [stack: 0x000000df2a900000,0x000000df2aa00000] [id=1476]
  0x000002c9822cd000 ConcurrentGCThread "G1 Conc#1" [stack: 0x000000df2c300000,0x000000df2c400000] [id=23692]
  0x000002c983bd9800 ConcurrentGCThread "G1 Conc#2" [stack: 0x000000df2c400000,0x000000df2c500000] [id=26444]
  0x000002c9ffe4b800 ConcurrentGCThread "G1 Refine#0" [stack: 0x000000df2aa00000,0x000000df2ab00000] [id=27052]
  0x000002c98427e800 ConcurrentGCThread "G1 Refine#1" [stack: 0x000000df2d500000,0x000000df2d600000] [id=13168]
  0x000002c9ffe4d800 ConcurrentGCThread "G1 Young RemSet Sampling" [stack: 0x000000df2ab00000,0x000000df2ac00000] [id=22416]

Threads with active compile tasks:

VM state:at safepoint (normal execution)

VM Mutex/Monitor currently owned by a thread:  ([mutex/lock_event])
[0x000002c9d2baa0c0] Threads_lock - owner thread: 0x000002c980594800
[0x000002c9d2ba9f10] Heap_lock - owner thread: 0x000002c9d0a0e000

Heap address: 0x0000000602200000, size: 8158 MB, Compressed Oops mode: Zero based, Oop shift amount: 3
Narrow klass base: 0x0000000800000000, Narrow klass shift: 0
Compressed class space size: 1073741824 Address: 0x0000000800000000

Heap:
 garbage-first heap   total 1531904K, used 668290K [0x0000000602200000, 0x0000000800000000)
  region size 2048K, 1 young (2048K), 1 survivors (2048K)
 Metaspace       used 47203K, capacity 47950K, committed 48208K, reserved 1091584K
  class space    used 5585K, capacity 5863K, committed 5888K, reserved 1048576K
Heap Regions: E=young(eden), S=young(survivor), O=old, HS=humongous(starts), HC=humongous(continues), CS=collection set, F=free, A=archive, TAMS=top-at-mark-start (previous, next)
|   0|0x0000000602200000, 0x0000000602400000, 0x0000000602400000|100%| O|  |TAMS 0x0000000602400000, 0x0000000602400000| Untracked 
|   1|0x0000000602400000, 0x0000000602600000, 0x0000000602600000|100%| O|  |TAMS 0x0000000602600000, 0x0000000602600000| Untracked 
|   2|0x0000000602600000, 0x0000000602800000, 0x0000000602800000|100%| O|  |TAMS 0x0000000602800000, 0x0000000602800000| Untracked 
|   3|0x0000000602800000, 0x0000000602a00000, 0x0000000602a00000|100%| O|  |TAMS 0x0000000602a00000, 0x0000000602a00000| Untracked 
|   4|0x0000000602a00000, 0x0000000602c00000, 0x0000000602c00000|100%| O|  |TAMS 0x0000000602c00000, 0x0000000602c00000| Untracked 
|   5|0x0000000602c00000, 0x0000000602e00000, 0x0000000602e00000|100%| O|  |TAMS 0x0000000602e00000, 0x0000000602e00000| Untracked 
|   6|0x0000000602e00000, 0x0000000603000000, 0x0000000603000000|100%|HS|  |TAMS 0x0000000603000000, 0x0000000603000000| Complete 
|   7|0x0000000603000000, 0x0000000603200000, 0x0000000603200000|100%|HC|  |TAMS 0x0000000603200000, 0x0000000603200000| Complete 
|   8|0x0000000603200000, 0x0000000603400000, 0x0000000603400000|100%|HC|  |TAMS 0x0000000603400000, 0x0000000603400000| Complete 
|   9|0x0000000603400000, 0x0000000603600000, 0x0000000603600000|100%|HC|  |TAMS 0x0000000603600000, 0x0000000603600000| Complete 
|  10|0x0000000603600000, 0x0000000603800000, 0x0000000603800000|100%|HC|  |TAMS 0x0000000603800000, 0x0000000603800000| Complete 
|  11|0x0000000603800000, 0x0000000603a00000, 0x0000000603a00000|100%|HC|  |TAMS 0x0000000603a00000, 0x0000000603a00000| Complete 
|  12|0x0000000603a00000, 0x0000000603c00000, 0x0000000603c00000|100%|HC|  |TAMS 0x0000000603c00000, 0x0000000603c00000| Complete 
|  13|0x0000000603c00000, 0x0000000603e00000, 0x0000000603e00000|100%|HC|  |TAMS 0x0000000603e00000, 0x0000000603e00000| Complete 
|  14|0x0000000603e00000, 0x0000000604000000, 0x0000000604000000|100%|HC|  |TAMS 0x0000000604000000, 0x0000000604000000| Complete 
|  15|0x0000000604000000, 0x0000000604200000, 0x0000000604200000|100%|HC|  |TAMS 0x0000000604200000, 0x0000000604200000| Complete 
|  16|0x0000000604200000, 0x0000000604400000, 0x0000000604400000|100%|HC|  |TAMS 0x0000000604400000, 0x0000000604400000| Complete 
|  17|0x0000000604400000, 0x0000000604600000, 0x0000000604600000|100%|HC|  |TAMS 0x0000000604600000, 0x0000000604600000| Complete 
|  18|0x0000000604600000, 0x0000000604800000, 0x0000000604800000|100%|HC|  |TAMS 0x0000000604800000, 0x0000000604800000| Complete 
|  19|0x0000000604800000, 0x0000000604a00000, 0x0000000604a00000|100%|HC|  |TAMS 0x0000000604a00000, 0x0000000604a00000| Complete 
|  20|0x0000000604a00000, 0x0000000604c00000, 0x0000000604c00000|100%|HC|  |TAMS 0x0000000604c00000, 0x0000000604c00000| Complete 
|  21|0x0000000604c00000, 0x0000000604e00000, 0x0000000604e00000|100%|HC|  |TAMS 0x0000000604e00000, 0x0000000604e00000| Complete 
|  22|0x0000000604e00000, 0x0000000605000000, 0x0000000605000000|100%|HC|  |TAMS 0x0000000605000000, 0x0000000605000000| Complete 
|  23|0x0000000605000000, 0x0000000605200000, 0x0000000605200000|100%|HC|  |TAMS 0x0000000605200000, 0x0000000605200000| Complete 
|  24|0x0000000605200000, 0x0000000605400000, 0x0000000605400000|100%|HC|  |TAMS 0x0000000605400000, 0x0000000605400000| Complete 
|  25|0x0000000605400000, 0x0000000605600000, 0x0000000605600000|100%|HC|  |TAMS 0x0000000605600000, 0x0000000605600000| Complete 
|  26|0x0000000605600000, 0x0000000605800000, 0x0000000605800000|100%|HC|  |TAMS 0x0000000605800000, 0x0000000605800000| Complete 
|  27|0x0000000605800000, 0x0000000605a00000, 0x0000000605a00000|100%|HC|  |TAMS 0x0000000605a00000, 0x0000000605a00000| Complete 
|  28|0x0000000605a00000, 0x0000000605c00000, 0x0000000605c00000|100%|HC|  |TAMS 0x0000000605c00000, 0x0000000605c00000| Complete 
|  29|0x0000000605c00000, 0x0000000605e00000, 0x0000000605e00000|100%|HC|  |TAMS 0x0000000605e00000, 0x0000000605e00000| Complete 
|  30|0x0000000605e00000, 0x0000000606000000, 0x0000000606000000|100%|HC|  |TAMS 0x0000000606000000, 0x0000000606000000| Complete 
|  31|0x0000000606000000, 0x0000000606200000, 0x0000000606200000|100%|HC|  |TAMS 0x0000000606200000, 0x0000000606200000| Complete 
|  32|0x0000000606200000, 0x0000000606400000, 0x0000000606400000|100%|HC|  |TAMS 0x0000000606400000, 0x0000000606400000| Complete 
|  33|0x0000000606400000, 0x0000000606600000, 0x0000000606600000|100%|HC|  |TAMS 0x0000000606600000, 0x0000000606600000| Complete 
|  34|0x0000000606600000, 0x0000000606800000, 0x0000000606800000|100%|HC|  |TAMS 0x0000000606800000, 0x0000000606800000| Complete 
|  35|0x0000000606800000, 0x0000000606a00000, 0x0000000606a00000|100%|HC|  |TAMS 0x0000000606a00000, 0x0000000606a00000| Complete 
|  36|0x0000000606a00000, 0x0000000606c00000, 0x0000000606c00000|100%|HC|  |TAMS 0x0000000606c00000, 0x0000000606c00000| Complete 
|  37|0x0000000606c00000, 0x0000000606e00000, 0x0000000606e00000|100%|HC|  |TAMS 0x0000000606e00000, 0x0000000606e00000| Complete 
|  38|0x0000000606e00000, 0x0000000607000000, 0x0000000607000000|100%|HC|  |TAMS 0x0000000607000000, 0x0000000607000000| Complete 
|  39|0x0000000607000000, 0x0000000607200000, 0x0000000607200000|100%|HC|  |TAMS 0x0000000607200000, 0x0000000607200000| Complete 
|  40|0x0000000607200000, 0x0000000607400000, 0x0000000607400000|100%|HC|  |TAMS 0x0000000607400000, 0x0000000607400000| Complete 
|  41|0x0000000607400000, 0x0000000607600000, 0x0000000607600000|100%|HC|  |TAMS 0x0000000607600000, 0x0000000607600000| Complete 
|  42|0x0000000607600000, 0x0000000607800000, 0x0000000607800000|100%|HC|  |TAMS 0x0000000607800000, 0x0000000607800000| Complete 
|  43|0x0000000607800000, 0x0000000607a00000, 0x0000000607a00000|100%| O|  |TAMS 0x0000000607a00000, 0x0000000607a00000| Untracked 
|  44|0x0000000607a00000, 0x0000000607c00000, 0x0000000607c00000|100%| O|  |TAMS 0x0000000607c00000, 0x0000000607c00000| Untracked 
|  45|0x0000000607c00000, 0x0000000607e00000, 0x0000000607e00000|100%| O|  |TAMS 0x0000000607e00000, 0x0000000607e00000| Untracked 
|  46|0x0000000607e00000, 0x0000000608000000, 0x0000000608000000|100%| O|  |TAMS 0x0000000608000000, 0x0000000608000000| Untracked 
|  47|0x0000000608000000, 0x0000000608200000, 0x0000000608200000|100%| O|  |TAMS 0x0000000608200000, 0x0000000608200000| Untracked 
|  48|0x0000000608200000, 0x0000000608400000, 0x0000000608400000|100%| O|  |TAMS 0x0000000608400000, 0x0000000608400000| Untracked 
|  49|0x0000000608400000, 0x0000000608600000, 0x0000000608600000|100%| O|  |TAMS 0x0000000608600000, 0x0000000608600000| Untracked 
|  50|0x0000000608600000, 0x0000000608800000, 0x0000000608800000|100%| O|  |TAMS 0x0000000608800000, 0x0000000608800000| Untracked 
|  51|0x0000000608800000, 0x0000000608a00000, 0x0000000608a00000|100%| O|  |TAMS 0x0000000608a00000, 0x0000000608a00000| Untracked 
|  52|0x0000000608a00000, 0x0000000608c00000, 0x0000000608c00000|100%| O|  |TAMS 0x0000000608c00000, 0x0000000608c00000| Untracked 
|  53|0x0000000608c00000, 0x0000000608e00000, 0x0000000608e00000|100%| O|  |TAMS 0x0000000608e00000, 0x0000000608e00000| Untracked 
|  54|0x0000000608e00000, 0x0000000609000000, 0x0000000609000000|100%| O|  |TAMS 0x0000000609000000, 0x0000000609000000| Untracked 
|  55|0x0000000609000000, 0x0000000609200000, 0x0000000609200000|100%| O|  |TAMS 0x0000000609200000, 0x0000000609200000| Untracked 
|  56|0x0000000609200000, 0x0000000609400000, 0x0000000609400000|100%| O|  |TAMS 0x0000000609400000, 0x0000000609400000| Untracked 
|  57|0x0000000609400000, 0x0000000609600000, 0x0000000609600000|100%| O|  |TAMS 0x0000000609600000, 0x0000000609600000| Untracked 
|  58|0x0000000609600000, 0x0000000609800000, 0x0000000609800000|100%| O|  |TAMS 0x0000000609800000, 0x0000000609800000| Untracked 
|  59|0x0000000609800000, 0x0000000609a00000, 0x0000000609a00000|100%| O|  |TAMS 0x0000000609a00000, 0x0000000609a00000| Untracked 
|  60|0x0000000609a00000, 0x0000000609c00000, 0x0000000609c00000|100%| O|  |TAMS 0x0000000609c00000, 0x0000000609c00000| Untracked 
|  61|0x0000000609c00000, 0x0000000609e00000, 0x0000000609e00000|100%| O|  |TAMS 0x0000000609e00000, 0x0000000609e00000| Untracked 
|  62|0x0000000609e00000, 0x000000060a000000, 0x000000060a000000|100%| O|  |TAMS 0x000000060a000000, 0x000000060a000000| Untracked 
|  63|0x000000060a000000, 0x000000060a200000, 0x000000060a200000|100%| O|  |TAMS 0x000000060a200000, 0x000000060a200000| Untracked 
|  64|0x000000060a200000, 0x000000060a400000, 0x000000060a400000|100%| O|  |TAMS 0x000000060a400000, 0x000000060a400000| Untracked 
|  65|0x000000060a400000, 0x000000060a600000, 0x000000060a600000|100%| O|  |TAMS 0x000000060a600000, 0x000000060a600000| Untracked 
|  66|0x000000060a600000, 0x000000060a800000, 0x000000060a800000|100%| O|  |TAMS 0x000000060a800000, 0x000000060a800000| Untracked 
|  67|0x000000060a800000, 0x000000060aa00000, 0x000000060aa00000|100%| O|  |TAMS 0x000000060aa00000, 0x000000060aa00000| Untracked 
|  68|0x000000060aa00000, 0x000000060ac00000, 0x000000060ac00000|100%| O|  |TAMS 0x000000060ac00000, 0x000000060ac00000| Untracked 
|  69|0x000000060ac00000, 0x000000060ae00000, 0x000000060ae00000|100%| O|  |TAMS 0x000000060ae00000, 0x000000060ae00000| Untracked 
|  70|0x000000060ae00000, 0x000000060b000000, 0x000000060b000000|100%| O|  |TAMS 0x000000060b000000, 0x000000060b000000| Untracked 
|  71|0x000000060b000000, 0x000000060b200000, 0x000000060b200000|100%| O|  |TAMS 0x000000060b200000, 0x000000060b200000| Untracked 
|  72|0x000000060b200000, 0x000000060b400000, 0x000000060b400000|100%| O|  |TAMS 0x000000060b400000, 0x000000060b400000| Untracked 
|  73|0x000000060b400000, 0x000000060b600000, 0x000000060b600000|100%| O|  |TAMS 0x000000060b600000, 0x000000060b600000| Untracked 
|  74|0x000000060b600000, 0x000000060b800000, 0x000000060b800000|100%| O|  |TAMS 0x000000060b800000, 0x000000060b800000| Untracked 
|  75|0x000000060b800000, 0x000000060ba00000, 0x000000060ba00000|100%| O|  |TAMS 0x000000060ba00000, 0x000000060ba00000| Untracked 
|  76|0x000000060ba00000, 0x000000060bc00000, 0x000000060bc00000|100%| O|  |TAMS 0x000000060bc00000, 0x000000060bc00000| Untracked 
|  77|0x000000060bc00000, 0x000000060be00000, 0x000000060be00000|100%| O|  |TAMS 0x000000060be00000, 0x000000060be00000| Untracked 
|  78|0x000000060be00000, 0x000000060c000000, 0x000000060c000000|100%| O|  |TAMS 0x000000060c000000, 0x000000060c000000| Untracked 
|  79|0x000000060c000000, 0x000000060c200000, 0x000000060c200000|100%| O|  |TAMS 0x000000060c200000, 0x000000060c200000| Untracked 
|  80|0x000000060c200000, 0x000000060c400000, 0x000000060c400000|100%| O|  |TAMS 0x000000060c400000, 0x000000060c400000| Untracked 
|  81|0x000000060c400000, 0x000000060c600000, 0x000000060c600000|100%| O|  |TAMS 0x000000060c600000, 0x000000060c600000| Untracked 
|  82|0x000000060c600000, 0x000000060c800000, 0x000000060c800000|100%| O|  |TAMS 0x000000060c800000, 0x000000060c800000| Untracked 
|  83|0x000000060c800000, 0x000000060ca00000, 0x000000060ca00000|100%| O|  |TAMS 0x000000060ca00000, 0x000000060ca00000| Untracked 
|  84|0x000000060ca00000, 0x000000060cc00000, 0x000000060cc00000|100%| O|  |TAMS 0x000000060cc00000, 0x000000060cc00000| Untracked 
|  85|0x000000060cc00000, 0x000000060ce00000, 0x000000060ce00000|100%| O|  |TAMS 0x000000060ce00000, 0x000000060ce00000| Untracked 
|  86|0x000000060ce00000, 0x000000060d000000, 0x000000060d000000|100%| O|  |TAMS 0x000000060d000000, 0x000000060d000000| Untracked 
|  87|0x000000060d000000, 0x000000060d200000, 0x000000060d200000|100%| O|  |TAMS 0x000000060d200000, 0x000000060d200000| Untracked 
|  88|0x000000060d200000, 0x000000060d400000, 0x000000060d400000|100%| O|  |TAMS 0x000000060d400000, 0x000000060d400000| Untracked 
|  89|0x000000060d400000, 0x000000060d600000, 0x000000060d600000|100%| O|  |TAMS 0x000000060d600000, 0x000000060d600000| Untracked 
|  90|0x000000060d600000, 0x000000060d800000, 0x000000060d800000|100%| O|  |TAMS 0x000000060d800000, 0x000000060d800000| Untracked 
|  91|0x000000060d800000, 0x000000060da00000, 0x000000060da00000|100%|HS|  |TAMS 0x000000060da00000, 0x000000060da00000| Complete 
|  92|0x000000060da00000, 0x000000060dc00000, 0x000000060dc00000|100%|HC|  |TAMS 0x000000060dc00000, 0x000000060dc00000| Complete 
|  93|0x000000060dc00000, 0x000000060de00000, 0x000000060de00000|100%|HC|  |TAMS 0x000000060de00000, 0x000000060de00000| Complete 
|  94|0x000000060de00000, 0x000000060e000000, 0x000000060e000000|100%|HC|  |TAMS 0x000000060e000000, 0x000000060e000000| Complete 
|  95|0x000000060e000000, 0x000000060e200000, 0x000000060e200000|100%|HC|  |TAMS 0x000000060e200000, 0x000000060e200000| Complete 
|  96|0x000000060e200000, 0x000000060e400000, 0x000000060e400000|100%|HC|  |TAMS 0x000000060e400000, 0x000000060e400000| Complete 
|  97|0x000000060e400000, 0x000000060e600000, 0x000000060e600000|100%|HC|  |TAMS 0x000000060e600000, 0x000000060e600000| Complete 
|  98|0x000000060e600000, 0x000000060e800000, 0x000000060e800000|100%|HC|  |TAMS 0x000000060e800000, 0x000000060e800000| Complete 
|  99|0x000000060e800000, 0x000000060ea00000, 0x000000060ea00000|100%|HC|  |TAMS 0x000000060ea00000, 0x000000060ea00000| Complete 
| 100|0x000000060ea00000, 0x000000060ec00000, 0x000000060ec00000|100%|HC|  |TAMS 0x000000060ec00000, 0x000000060ec00000| Complete 
| 101|0x000000060ec00000, 0x000000060ee00000, 0x000000060ee00000|100%|HC|  |TAMS 0x000000060ee00000, 0x000000060ee00000| Complete 
| 102|0x000000060ee00000, 0x000000060f000000, 0x000000060f000000|100%|HC|  |TAMS 0x000000060f000000, 0x000000060f000000| Complete 
| 103|0x000000060f000000, 0x000000060f200000, 0x000000060f200000|100%|HC|  |TAMS 0x000000060f200000, 0x000000060f200000| Complete 
| 104|0x000000060f200000, 0x000000060f400000, 0x000000060f400000|100%|HC|  |TAMS 0x000000060f400000, 0x000000060f400000| Complete 
| 105|0x000000060f400000, 0x000000060f600000, 0x000000060f600000|100%|HC|  |TAMS 0x000000060f600000, 0x000000060f600000| Complete 
| 106|0x000000060f600000, 0x000000060f800000, 0x000000060f800000|100%|HC|  |TAMS 0x000000060f800000, 0x000000060f800000| Complete 
| 107|0x000000060f800000, 0x000000060fa00000, 0x000000060fa00000|100%|HC|  |TAMS 0x000000060fa00000, 0x000000060fa00000| Complete 
| 108|0x000000060fa00000, 0x000000060fc00000, 0x000000060fc00000|100%|HC|  |TAMS 0x000000060fc00000, 0x000000060fc00000| Complete 
| 109|0x000000060fc00000, 0x000000060fe00000, 0x000000060fe00000|100%|HC|  |TAMS 0x000000060fe00000, 0x000000060fe00000| Complete 
| 110|0x000000060fe00000, 0x0000000610000000, 0x0000000610000000|100%|HC|  |TAMS 0x0000000610000000, 0x0000000610000000| Complete 
| 111|0x0000000610000000, 0x0000000610200000, 0x0000000610200000|100%|HC|  |TAMS 0x0000000610200000, 0x0000000610200000| Complete 
| 112|0x0000000610200000, 0x0000000610400000, 0x0000000610400000|100%|HC|  |TAMS 0x0000000610400000, 0x0000000610400000| Complete 
| 113|0x0000000610400000, 0x0000000610600000, 0x0000000610600000|100%|HC|  |TAMS 0x0000000610600000, 0x0000000610600000| Complete 
| 114|0x0000000610600000, 0x0000000610800000, 0x0000000610800000|100%|HC|  |TAMS 0x0000000610800000, 0x0000000610800000| Complete 
| 115|0x0000000610800000, 0x0000000610a00000, 0x0000000610a00000|100%|HC|  |TAMS 0x0000000610a00000, 0x0000000610a00000| Complete 
| 116|0x0000000610a00000, 0x0000000610c00000, 0x0000000610c00000|100%|HC|  |TAMS 0x0000000610c00000, 0x0000000610c00000| Complete 
| 117|0x0000000610c00000, 0x0000000610e00000, 0x0000000610e00000|100%|HC|  |TAMS 0x0000000610e00000, 0x0000000610e00000| Complete 
| 118|0x0000000610e00000, 0x0000000611000000, 0x0000000611000000|100%|HC|  |TAMS 0x0000000611000000, 0x0000000611000000| Complete 
| 119|0x0000000611000000, 0x0000000611200000, 0x0000000611200000|100%|HC|  |TAMS 0x0000000611200000, 0x0000000611200000| Complete 
| 120|0x0000000611200000, 0x0000000611400000, 0x0000000611400000|100%|HC|  |TAMS 0x0000000611400000, 0x0000000611400000| Complete 
| 121|0x0000000611400000, 0x0000000611600000, 0x0000000611600000|100%|HC|  |TAMS 0x0000000611600000, 0x0000000611600000| Complete 
| 122|0x0000000611600000, 0x0000000611800000, 0x0000000611800000|100%|HC|  |TAMS 0x0000000611800000, 0x0000000611800000| Complete 
| 123|0x0000000611800000, 0x0000000611a00000, 0x0000000611a00000|100%|HC|  |TAMS 0x0000000611a00000, 0x0000000611a00000| Complete 
| 124|0x0000000611a00000, 0x0000000611c00000, 0x0000000611c00000|100%|HC|  |TAMS 0x0000000611c00000, 0x0000000611c00000| Complete 
| 125|0x0000000611c00000, 0x0000000611e00000, 0x0000000611e00000|100%|HC|  |TAMS 0x0000000611e00000, 0x0000000611e00000| Complete 
| 126|0x0000000611e00000, 0x0000000612000000, 0x0000000612000000|100%|HC|  |TAMS 0x0000000612000000, 0x0000000612000000| Complete 
| 127|0x0000000612000000, 0x0000000612200000, 0x0000000612200000|100%|HC|  |TAMS 0x0000000612200000, 0x0000000612200000| Complete 
| 128|0x0000000612200000, 0x0000000612400000, 0x0000000612400000|100%| O|  |TAMS 0x0000000612400000, 0x0000000612400000| Untracked 
| 129|0x0000000612400000, 0x0000000612600000, 0x0000000612600000|100%| O|  |TAMS 0x0000000612600000, 0x0000000612600000| Untracked 
| 130|0x0000000612600000, 0x0000000612800000, 0x0000000612800000|100%|HS|  |TAMS 0x0000000612800000, 0x0000000612800000| Complete 
| 131|0x0000000612800000, 0x0000000612a00000, 0x0000000612a00000|100%|HC|  |TAMS 0x0000000612a00000, 0x0000000612a00000| Complete 
| 132|0x0000000612a00000, 0x0000000612c00000, 0x0000000612c00000|100%|HC|  |TAMS 0x0000000612c00000, 0x0000000612c00000| Complete 
| 133|0x0000000612c00000, 0x0000000612e00000, 0x0000000612e00000|100%|HC|  |TAMS 0x0000000612e00000, 0x0000000612e00000| Complete 
| 134|0x0000000612e00000, 0x0000000613000000, 0x0000000613000000|100%|HC|  |TAMS 0x0000000613000000, 0x0000000613000000| Complete 
| 135|0x0000000613000000, 0x0000000613200000, 0x0000000613200000|100%|HC|  |TAMS 0x0000000613200000, 0x0000000613200000| Complete 
| 136|0x0000000613200000, 0x0000000613400000, 0x0000000613400000|100%|HC|  |TAMS 0x0000000613400000, 0x0000000613400000| Complete 
| 137|0x0000000613400000, 0x0000000613600000, 0x0000000613600000|100%|HC|  |TAMS 0x0000000613600000, 0x0000000613600000| Complete 
| 138|0x0000000613600000, 0x0000000613800000, 0x0000000613800000|100%|HC|  |TAMS 0x0000000613800000, 0x0000000613800000| Complete 
| 139|0x0000000613800000, 0x0000000613a00000, 0x0000000613a00000|100%|HC|  |TAMS 0x0000000613a00000, 0x0000000613a00000| Complete 
| 140|0x0000000613a00000, 0x0000000613c00000, 0x0000000613c00000|100%|HC|  |TAMS 0x0000000613c00000, 0x0000000613c00000| Complete 
| 141|0x0000000613c00000, 0x0000000613e00000, 0x0000000613e00000|100%|HC|  |TAMS 0x0000000613e00000, 0x0000000613e00000| Complete 
| 142|0x0000000613e00000, 0x0000000614000000, 0x0000000614000000|100%|HC|  |TAMS 0x0000000614000000, 0x0000000614000000| Complete 
| 143|0x0000000614000000, 0x0000000614200000, 0x0000000614200000|100%|HC|  |TAMS 0x0000000614200000, 0x0000000614200000| Complete 
| 144|0x0000000614200000, 0x0000000614400000, 0x0000000614400000|100%|HC|  |TAMS 0x0000000614400000, 0x0000000614400000| Complete 
| 145|0x0000000614400000, 0x0000000614600000, 0x0000000614600000|100%|HC|  |TAMS 0x0000000614600000, 0x0000000614600000| Complete 
| 146|0x0000000614600000, 0x0000000614800000, 0x0000000614800000|100%|HC|  |TAMS 0x0000000614800000, 0x0000000614800000| Complete 
| 147|0x0000000614800000, 0x0000000614a00000, 0x0000000614a00000|100%|HC|  |TAMS 0x0000000614a00000, 0x0000000614a00000| Complete 
| 148|0x0000000614a00000, 0x0000000614c00000, 0x0000000614c00000|100%|HC|  |TAMS 0x0000000614c00000, 0x0000000614c00000| Complete 
| 149|0x0000000614c00000, 0x0000000614e00000, 0x0000000614e00000|100%|HC|  |TAMS 0x0000000614e00000, 0x0000000614e00000| Complete 
| 150|0x0000000614e00000, 0x0000000615000000, 0x0000000615000000|100%|HC|  |TAMS 0x0000000615000000, 0x0000000615000000| Complete 
| 151|0x0000000615000000, 0x0000000615200000, 0x0000000615200000|100%|HC|  |TAMS 0x0000000615200000, 0x0000000615200000| Complete 
| 152|0x0000000615200000, 0x0000000615400000, 0x0000000615400000|100%|HC|  |TAMS 0x0000000615400000, 0x0000000615400000| Complete 
| 153|0x0000000615400000, 0x0000000615600000, 0x0000000615600000|100%|HC|  |TAMS 0x0000000615600000, 0x0000000615600000| Complete 
| 154|0x0000000615600000, 0x0000000615800000, 0x0000000615800000|100%|HC|  |TAMS 0x0000000615800000, 0x0000000615800000| Complete 
| 155|0x0000000615800000, 0x0000000615a00000, 0x0000000615a00000|100%|HC|  |TAMS 0x0000000615a00000, 0x0000000615a00000| Complete 
| 156|0x0000000615a00000, 0x0000000615c00000, 0x0000000615c00000|100%|HC|  |TAMS 0x0000000615c00000, 0x0000000615c00000| Complete 
| 157|0x0000000615c00000, 0x0000000615e00000, 0x0000000615e00000|100%|HC|  |TAMS 0x0000000615e00000, 0x0000000615e00000| Complete 
| 158|0x0000000615e00000, 0x0000000616000000, 0x0000000616000000|100%|HC|  |TAMS 0x0000000616000000, 0x0000000616000000| Complete 
| 159|0x0000000616000000, 0x0000000616200000, 0x0000000616200000|100%|HC|  |TAMS 0x0000000616200000, 0x0000000616200000| Complete 
| 160|0x0000000616200000, 0x0000000616400000, 0x0000000616400000|100%|HC|  |TAMS 0x0000000616400000, 0x0000000616400000| Complete 
| 161|0x0000000616400000, 0x0000000616600000, 0x0000000616600000|100%|HC|  |TAMS 0x0000000616600000, 0x0000000616600000| Complete 
| 162|0x0000000616600000, 0x0000000616800000, 0x0000000616800000|100%|HC|  |TAMS 0x0000000616800000, 0x0000000616800000| Complete 
| 163|0x0000000616800000, 0x0000000616a00000, 0x0000000616a00000|100%|HC|  |TAMS 0x0000000616a00000, 0x0000000616a00000| Complete 
| 164|0x0000000616a00000, 0x0000000616c00000, 0x0000000616c00000|100%|HC|  |TAMS 0x0000000616c00000, 0x0000000616c00000| Complete 
| 165|0x0000000616c00000, 0x0000000616e00000, 0x0000000616e00000|100%|HC|  |TAMS 0x0000000616e00000, 0x0000000616e00000| Complete 
| 166|0x0000000616e00000, 0x0000000617000000, 0x0000000617000000|100%|HC|  |TAMS 0x0000000617000000, 0x0000000617000000| Complete 
| 167|0x0000000617000000, 0x0000000617200000, 0x0000000617200000|100%|HC|  |TAMS 0x0000000617200000, 0x0000000617200000| Complete 
| 168|0x0000000617200000, 0x0000000617400000, 0x0000000617400000|100%|HC|  |TAMS 0x0000000617400000, 0x0000000617400000| Complete 
| 169|0x0000000617400000, 0x0000000617600000, 0x0000000617600000|100%|HC|  |TAMS 0x0000000617600000, 0x0000000617600000| Complete 
| 170|0x0000000617600000, 0x0000000617800000, 0x0000000617800000|100%|HC|  |TAMS 0x0000000617800000, 0x0000000617800000| Complete 
| 171|0x0000000617800000, 0x0000000617a00000, 0x0000000617a00000|100%|HC|  |TAMS 0x0000000617a00000, 0x0000000617a00000| Complete 
| 172|0x0000000617a00000, 0x0000000617c00000, 0x0000000617c00000|100%|HC|  |TAMS 0x0000000617c00000, 0x0000000617c00000| Complete 
| 173|0x0000000617c00000, 0x0000000617e00000, 0x0000000617e00000|100%|HC|  |TAMS 0x0000000617e00000, 0x0000000617e00000| Complete 
| 174|0x0000000617e00000, 0x0000000618000000, 0x0000000618000000|100%|HC|  |TAMS 0x0000000618000000, 0x0000000618000000| Complete 
| 175|0x0000000618000000, 0x0000000618200000, 0x0000000618200000|100%|HC|  |TAMS 0x0000000618200000, 0x0000000618200000| Complete 
| 176|0x0000000618200000, 0x0000000618400000, 0x0000000618400000|100%|HC|  |TAMS 0x0000000618400000, 0x0000000618400000| Complete 
| 177|0x0000000618400000, 0x0000000618600000, 0x0000000618600000|100%|HC|  |TAMS 0x0000000618600000, 0x0000000618600000| Complete 
| 178|0x0000000618600000, 0x0000000618800000, 0x0000000618800000|100%|HC|  |TAMS 0x0000000618800000, 0x0000000618800000| Complete 
| 179|0x0000000618800000, 0x0000000618a00000, 0x0000000618a00000|100%|HC|  |TAMS 0x0000000618a00000, 0x0000000618a00000| Complete 
| 180|0x0000000618a00000, 0x0000000618c00000, 0x0000000618c00000|100%|HC|  |TAMS 0x0000000618c00000, 0x0000000618c00000| Complete 
| 181|0x0000000618c00000, 0x0000000618e00000, 0x0000000618e00000|100%|HC|  |TAMS 0x0000000618e00000, 0x0000000618e00000| Complete 
| 182|0x0000000618e00000, 0x0000000619000000, 0x0000000619000000|100%|HC|  |TAMS 0x0000000619000000, 0x0000000619000000| Complete 
| 183|0x0000000619000000, 0x0000000619200000, 0x0000000619200000|100%|HC|  |TAMS 0x0000000619200000, 0x0000000619200000| Complete 
| 184|0x0000000619200000, 0x0000000619400000, 0x0000000619400000|100%|HC|  |TAMS 0x0000000619400000, 0x0000000619400000| Complete 
| 185|0x0000000619400000, 0x0000000619600000, 0x0000000619600000|100%|HC|  |TAMS 0x0000000619600000, 0x0000000619600000| Complete 
| 186|0x0000000619600000, 0x0000000619800000, 0x0000000619800000|100%|HC|  |TAMS 0x0000000619800000, 0x0000000619800000| Complete 
| 187|0x0000000619800000, 0x0000000619a00000, 0x0000000619a00000|100%|HC|  |TAMS 0x0000000619a00000, 0x0000000619a00000| Complete 
| 188|0x0000000619a00000, 0x0000000619c00000, 0x0000000619c00000|100%|HC|  |TAMS 0x0000000619c00000, 0x0000000619c00000| Complete 
| 189|0x0000000619c00000, 0x0000000619e00000, 0x0000000619e00000|100%|HC|  |TAMS 0x0000000619e00000, 0x0000000619e00000| Complete 
| 190|0x0000000619e00000, 0x000000061a000000, 0x000000061a000000|100%|HC|  |TAMS 0x000000061a000000, 0x000000061a000000| Complete 
| 191|0x000000061a000000, 0x000000061a200000, 0x000000061a200000|100%|HC|  |TAMS 0x000000061a200000, 0x000000061a200000| Complete 
| 192|0x000000061a200000, 0x000000061a400000, 0x000000061a400000|100%|HC|  |TAMS 0x000000061a400000, 0x000000061a400000| Complete 
| 193|0x000000061a400000, 0x000000061a600000, 0x000000061a600000|100%| O|  |TAMS 0x000000061a600000, 0x000000061a600000| Untracked 
| 194|0x000000061a600000, 0x000000061a800000, 0x000000061a800000|100%| O|  |TAMS 0x000000061a800000, 0x000000061a800000| Untracked 
| 195|0x000000061a800000, 0x000000061aa00000, 0x000000061aa00000|100%| O|  |TAMS 0x000000061aa00000, 0x000000061aa00000| Untracked 
| 196|0x000000061aa00000, 0x000000061ac00000, 0x000000061ac00000|100%| O|  |TAMS 0x000000061ac00000, 0x000000061ac00000| Untracked 
| 197|0x000000061ac00000, 0x000000061ae00000, 0x000000061ae00000|100%| O|  |TAMS 0x000000061ae00000, 0x000000061ae00000| Untracked 
| 198|0x000000061ae00000, 0x000000061b000000, 0x000000061b000000|100%| O|  |TAMS 0x000000061b000000, 0x000000061b000000| Untracked 
| 199|0x000000061b000000, 0x000000061b200000, 0x000000061b200000|100%| O|  |TAMS 0x000000061b200000, 0x000000061b200000| Untracked 
| 200|0x000000061b200000, 0x000000061b400000, 0x000000061b400000|100%| O|  |TAMS 0x000000061b400000, 0x000000061b400000| Untracked 
| 201|0x000000061b400000, 0x000000061b600000, 0x000000061b600000|100%| O|  |TAMS 0x000000061b600000, 0x000000061b600000| Untracked 
| 202|0x000000061b600000, 0x000000061b800000, 0x000000061b800000|100%| O|  |TAMS 0x000000061b800000, 0x000000061b800000| Untracked 
| 203|0x000000061b800000, 0x000000061ba00000, 0x000000061ba00000|100%| O|  |TAMS 0x000000061ba00000, 0x000000061ba00000| Untracked 
| 204|0x000000061ba00000, 0x000000061bc00000, 0x000000061bc00000|100%| O|  |TAMS 0x000000061bc00000, 0x000000061bc00000| Untracked 
| 205|0x000000061bc00000, 0x000000061be00000, 0x000000061be00000|100%| O|  |TAMS 0x000000061be00000, 0x000000061be00000| Untracked 
| 206|0x000000061be00000, 0x000000061c000000, 0x000000061c000000|100%| O|  |TAMS 0x000000061c000000, 0x000000061c000000| Untracked 
| 207|0x000000061c000000, 0x000000061c200000, 0x000000061c200000|100%| O|  |TAMS 0x000000061c200000, 0x000000061c200000| Untracked 
| 208|0x000000061c200000, 0x000000061c400000, 0x000000061c400000|100%| O|  |TAMS 0x000000061c400000, 0x000000061c400000| Untracked 
| 209|0x000000061c400000, 0x000000061c600000, 0x000000061c600000|100%| O|  |TAMS 0x000000061c600000, 0x000000061c600000| Untracked 
| 210|0x000000061c600000, 0x000000061c800000, 0x000000061c800000|100%| O|  |TAMS 0x000000061c800000, 0x000000061c800000| Untracked 
| 211|0x000000061c800000, 0x000000061ca00000, 0x000000061ca00000|100%| O|  |TAMS 0x000000061c8a0200, 0x000000061ca00000| Untracked 
| 212|0x000000061ca00000, 0x000000061cc00000, 0x000000061cc00000|100%|HS|  |TAMS 0x000000061ca00000, 0x000000061cc00000| Complete 
| 213|0x000000061cc00000, 0x000000061ce00000, 0x000000061ce00000|100%|HC|  |TAMS 0x000000061cc00000, 0x000000061ce00000| Complete 
| 214|0x000000061ce00000, 0x000000061d000000, 0x000000061d000000|100%|HC|  |TAMS 0x000000061ce00000, 0x000000061d000000| Complete 
| 215|0x000000061d000000, 0x000000061d200000, 0x000000061d200000|100%|HC|  |TAMS 0x000000061d000000, 0x000000061d200000| Complete 
| 216|0x000000061d200000, 0x000000061d400000, 0x000000061d400000|100%|HC|  |TAMS 0x000000061d200000, 0x000000061d400000| Complete 
| 217|0x000000061d400000, 0x000000061d600000, 0x000000061d600000|100%|HC|  |TAMS 0x000000061d400000, 0x000000061d600000| Complete 
| 218|0x000000061d600000, 0x000000061d800000, 0x000000061d800000|100%|HC|  |TAMS 0x000000061d600000, 0x000000061d800000| Complete 
| 219|0x000000061d800000, 0x000000061da00000, 0x000000061da00000|100%|HC|  |TAMS 0x000000061d800000, 0x000000061da00000| Complete 
| 220|0x000000061da00000, 0x000000061dc00000, 0x000000061dc00000|100%|HC|  |TAMS 0x000000061da00000, 0x000000061dc00000| Complete 
| 221|0x000000061dc00000, 0x000000061de00000, 0x000000061de00000|100%|HC|  |TAMS 0x000000061dc00000, 0x000000061de00000| Complete 
| 222|0x000000061de00000, 0x000000061e000000, 0x000000061e000000|100%|HC|  |TAMS 0x000000061de00000, 0x000000061e000000| Complete 
| 223|0x000000061e000000, 0x000000061e200000, 0x000000061e200000|100%|HC|  |TAMS 0x000000061e000000, 0x000000061e200000| Complete 
| 224|0x000000061e200000, 0x000000061e400000, 0x000000061e400000|100%|HC|  |TAMS 0x000000061e200000, 0x000000061e400000| Complete 
| 225|0x000000061e400000, 0x000000061e600000, 0x000000061e600000|100%|HC|  |TAMS 0x000000061e400000, 0x000000061e600000| Complete 
| 226|0x000000061e600000, 0x000000061e800000, 0x000000061e800000|100%|HC|  |TAMS 0x000000061e600000, 0x000000061e800000| Complete 
| 227|0x000000061e800000, 0x000000061ea00000, 0x000000061ea00000|100%|HC|  |TAMS 0x000000061e800000, 0x000000061ea00000| Complete 
| 228|0x000000061ea00000, 0x000000061ec00000, 0x000000061ec00000|100%|HC|  |TAMS 0x000000061ea00000, 0x000000061ec00000| Complete 
| 229|0x000000061ec00000, 0x000000061ee00000, 0x000000061ee00000|100%|HC|  |TAMS 0x000000061ec00000, 0x000000061ee00000| Complete 
| 230|0x000000061ee00000, 0x000000061f000000, 0x000000061f000000|100%|HC|  |TAMS 0x000000061ee00000, 0x000000061f000000| Complete 
| 231|0x000000061f000000, 0x000000061f200000, 0x000000061f200000|100%|HC|  |TAMS 0x000000061f000000, 0x000000061f200000| Complete 
| 232|0x000000061f200000, 0x000000061f400000, 0x000000061f400000|100%|HC|  |TAMS 0x000000061f200000, 0x000000061f400000| Complete 
| 233|0x000000061f400000, 0x000000061f600000, 0x000000061f600000|100%|HC|  |TAMS 0x000000061f400000, 0x000000061f600000| Complete 
| 234|0x000000061f600000, 0x000000061f800000, 0x000000061f800000|100%|HC|  |TAMS 0x000000061f600000, 0x000000061f800000| Complete 
| 235|0x000000061f800000, 0x000000061fa00000, 0x000000061fa00000|100%|HC|  |TAMS 0x000000061f800000, 0x000000061fa00000| Complete 
| 236|0x000000061fa00000, 0x000000061fc00000, 0x000000061fc00000|100%|HC|  |TAMS 0x000000061fa00000, 0x000000061fc00000| Complete 
| 237|0x000000061fc00000, 0x000000061fe00000, 0x000000061fe00000|100%|HC|  |TAMS 0x000000061fc00000, 0x000000061fe00000| Complete 
| 238|0x000000061fe00000, 0x0000000620000000, 0x0000000620000000|100%|HC|  |TAMS 0x000000061fe00000, 0x0000000620000000| Complete 
| 239|0x0000000620000000, 0x0000000620200000, 0x0000000620200000|100%|HC|  |TAMS 0x0000000620000000, 0x0000000620200000| Complete 
| 240|0x0000000620200000, 0x0000000620400000, 0x0000000620400000|100%|HC|  |TAMS 0x0000000620200000, 0x0000000620400000| Complete 
| 241|0x0000000620400000, 0x0000000620600000, 0x0000000620600000|100%|HC|  |TAMS 0x0000000620400000, 0x0000000620600000| Complete 
| 242|0x0000000620600000, 0x0000000620800000, 0x0000000620800000|100%|HC|  |TAMS 0x0000000620600000, 0x0000000620800000| Complete 
| 243|0x0000000620800000, 0x0000000620a00000, 0x0000000620a00000|100%|HC|  |TAMS 0x0000000620800000, 0x0000000620a00000| Complete 
| 244|0x0000000620a00000, 0x0000000620c00000, 0x0000000620c00000|100%|HC|  |TAMS 0x0000000620a00000, 0x0000000620c00000| Complete 
| 245|0x0000000620c00000, 0x0000000620e00000, 0x0000000620e00000|100%|HC|  |TAMS 0x0000000620c00000, 0x0000000620e00000| Complete 
| 246|0x0000000620e00000, 0x0000000621000000, 0x0000000621000000|100%|HC|  |TAMS 0x0000000620e00000, 0x0000000621000000| Complete 
| 247|0x0000000621000000, 0x0000000621200000, 0x0000000621200000|100%|HC|  |TAMS 0x0000000621000000, 0x0000000621200000| Complete 
| 248|0x0000000621200000, 0x0000000621400000, 0x0000000621400000|100%|HC|  |TAMS 0x0000000621200000, 0x0000000621400000| Complete 
| 249|0x0000000621400000, 0x0000000621400000, 0x0000000621600000|  0%| F|  |TAMS 0x0000000621400000, 0x0000000621400000| Untracked 
| 250|0x0000000621600000, 0x0000000621600000, 0x0000000621800000|  0%| F|  |TAMS 0x0000000621600000, 0x0000000621600000| Untracked 
| 251|0x0000000621800000, 0x0000000621800000, 0x0000000621a00000|  0%| F|  |TAMS 0x0000000621800000, 0x0000000621800000| Untracked 
| 252|0x0000000621a00000, 0x0000000621a00000, 0x0000000621c00000|  0%| F|  |TAMS 0x0000000621a00000, 0x0000000621a00000| Untracked 
| 253|0x0000000621c00000, 0x0000000621c00000, 0x0000000621e00000|  0%| F|  |TAMS 0x0000000621c00000, 0x0000000621c00000| Untracked 
| 254|0x0000000621e00000, 0x0000000621e00000, 0x0000000622000000|  0%| F|  |TAMS 0x0000000621e00000, 0x0000000621e00000| Untracked 
| 255|0x0000000622000000, 0x0000000622000000, 0x0000000622200000|  0%| F|  |TAMS 0x0000000622000000, 0x0000000622000000| Untracked 
| 256|0x0000000622200000, 0x0000000622200000, 0x0000000622400000|  0%| F|  |TAMS 0x0000000622200000, 0x0000000622200000| Untracked 
| 257|0x0000000622400000, 0x0000000622400000, 0x0000000622600000|  0%| F|  |TAMS 0x0000000622400000, 0x0000000622400000| Untracked 
| 258|0x0000000622600000, 0x0000000622600000, 0x0000000622800000|  0%| F|  |TAMS 0x0000000622600000, 0x0000000622600000| Untracked 
| 259|0x0000000622800000, 0x0000000622800000, 0x0000000622a00000|  0%| F|  |TAMS 0x0000000622800000, 0x0000000622800000| Untracked 
| 260|0x0000000622a00000, 0x0000000622a00000, 0x0000000622c00000|  0%| F|  |TAMS 0x0000000622a00000, 0x0000000622a00000| Untracked 
| 261|0x0000000622c00000, 0x0000000622c00000, 0x0000000622e00000|  0%| F|  |TAMS 0x0000000622c00000, 0x0000000622c00000| Untracked 
| 262|0x0000000622e00000, 0x0000000622e00000, 0x0000000623000000|  0%| F|  |TAMS 0x0000000622e00000, 0x0000000622e00000| Untracked 
| 263|0x0000000623000000, 0x0000000623000000, 0x0000000623200000|  0%| F|  |TAMS 0x0000000623000000, 0x0000000623000000| Untracked 
| 264|0x0000000623200000, 0x0000000623400000, 0x0000000623400000|100%| O|  |TAMS 0x0000000623200000, 0x0000000623400000| Untracked 
| 265|0x0000000623400000, 0x0000000623600000, 0x0000000623600000|100%| O|  |TAMS 0x0000000623400000, 0x0000000623600000| Untracked 
| 266|0x0000000623600000, 0x0000000623800000, 0x0000000623800000|100%| O|  |TAMS 0x0000000623600000, 0x0000000623800000| Untracked 
| 267|0x0000000623800000, 0x0000000623a00000, 0x0000000623a00000|100%| O|  |TAMS 0x0000000623800000, 0x0000000623a00000| Untracked 
| 268|0x0000000623a00000, 0x0000000623c00000, 0x0000000623c00000|100%| O|  |TAMS 0x0000000623a00000, 0x0000000623c00000| Untracked 
| 269|0x0000000623c00000, 0x0000000623e00000, 0x0000000623e00000|100%| O|  |TAMS 0x0000000623c00000, 0x0000000623e00000| Untracked 
| 270|0x0000000623e00000, 0x0000000624000000, 0x0000000624000000|100%| O|  |TAMS 0x0000000623e00000, 0x0000000624000000| Untracked 
| 271|0x0000000624000000, 0x0000000624200000, 0x0000000624200000|100%| O|  |TAMS 0x0000000624000000, 0x0000000624200000| Untracked 
| 272|0x0000000624200000, 0x0000000624400000, 0x0000000624400000|100%| O|  |TAMS 0x0000000624200000, 0x0000000624400000| Untracked 
| 273|0x0000000624400000, 0x0000000624600000, 0x0000000624600000|100%| O|  |TAMS 0x0000000624400000, 0x0000000624600000| Untracked 
| 274|0x0000000624600000, 0x0000000624800000, 0x0000000624800000|100%| O|  |TAMS 0x0000000624600000, 0x0000000624800000| Untracked 
| 275|0x0000000624800000, 0x0000000624a00000, 0x0000000624a00000|100%| O|  |TAMS 0x0000000624800000, 0x0000000624a00000| Untracked 
| 276|0x0000000624a00000, 0x0000000624c00000, 0x0000000624c00000|100%| O|  |TAMS 0x0000000624a00000, 0x0000000624c00000| Untracked 
| 277|0x0000000624c00000, 0x0000000624e00000, 0x0000000624e00000|100%| O|  |TAMS 0x0000000624c00000, 0x0000000624e00000| Untracked 
| 278|0x0000000624e00000, 0x0000000624ea0200, 0x0000000625000000| 31%| O|  |TAMS 0x0000000624e00000, 0x0000000624ea0200| Untracked 
| 279|0x0000000625000000, 0x0000000625000000, 0x0000000625200000|  0%| F|  |TAMS 0x0000000625000000, 0x0000000625000000| Untracked 
| 280|0x0000000625200000, 0x0000000625200000, 0x0000000625400000|  0%| F|  |TAMS 0x0000000625200000, 0x0000000625200000| Untracked 
| 281|0x0000000625400000, 0x0000000625400000, 0x0000000625600000|  0%| F|  |TAMS 0x0000000625400000, 0x0000000625400000| Untracked 
| 282|0x0000000625600000, 0x0000000625600000, 0x0000000625800000|  0%| F|  |TAMS 0x0000000625600000, 0x0000000625600000| Untracked 
| 283|0x0000000625800000, 0x0000000625a00000, 0x0000000625a00000|100%|HS|  |TAMS 0x0000000625a00000, 0x0000000625a00000| Complete 
| 284|0x0000000625a00000, 0x0000000625c00000, 0x0000000625c00000|100%|HC|  |TAMS 0x0000000625c00000, 0x0000000625c00000| Complete 
| 285|0x0000000625c00000, 0x0000000625e00000, 0x0000000625e00000|100%|HC|  |TAMS 0x0000000625e00000, 0x0000000625e00000| Complete 
| 286|0x0000000625e00000, 0x0000000626000000, 0x0000000626000000|100%|HC|  |TAMS 0x0000000626000000, 0x0000000626000000| Complete 
| 287|0x0000000626000000, 0x0000000626200000, 0x0000000626200000|100%|HC|  |TAMS 0x0000000626200000, 0x0000000626200000| Complete 
| 288|0x0000000626200000, 0x0000000626400000, 0x0000000626400000|100%|HC|  |TAMS 0x0000000626400000, 0x0000000626400000| Complete 
| 289|0x0000000626400000, 0x0000000626600000, 0x0000000626600000|100%|HC|  |TAMS 0x0000000626600000, 0x0000000626600000| Complete 
| 290|0x0000000626600000, 0x0000000626800000, 0x0000000626800000|100%|HC|  |TAMS 0x0000000626800000, 0x0000000626800000| Complete 
| 291|0x0000000626800000, 0x0000000626a00000, 0x0000000626a00000|100%|HC|  |TAMS 0x0000000626a00000, 0x0000000626a00000| Complete 
| 292|0x0000000626a00000, 0x0000000626c00000, 0x0000000626c00000|100%|HC|  |TAMS 0x0000000626c00000, 0x0000000626c00000| Complete 
| 293|0x0000000626c00000, 0x0000000626e00000, 0x0000000626e00000|100%|HC|  |TAMS 0x0000000626e00000, 0x0000000626e00000| Complete 
| 294|0x0000000626e00000, 0x0000000627000000, 0x0000000627000000|100%|HC|  |TAMS 0x0000000627000000, 0x0000000627000000| Complete 
| 295|0x0000000627000000, 0x0000000627200000, 0x0000000627200000|100%|HC|  |TAMS 0x0000000627200000, 0x0000000627200000| Complete 
| 296|0x0000000627200000, 0x0000000627400000, 0x0000000627400000|100%|HC|  |TAMS 0x0000000627400000, 0x0000000627400000| Complete 
| 297|0x0000000627400000, 0x0000000627600000, 0x0000000627600000|100%|HC|  |TAMS 0x0000000627600000, 0x0000000627600000| Complete 
| 298|0x0000000627600000, 0x0000000627800000, 0x0000000627800000|100%|HC|  |TAMS 0x0000000627800000, 0x0000000627800000| Complete 
| 299|0x0000000627800000, 0x0000000627a00000, 0x0000000627a00000|100%|HC|  |TAMS 0x0000000627a00000, 0x0000000627a00000| Complete 
| 300|0x0000000627a00000, 0x0000000627c00000, 0x0000000627c00000|100%|HC|  |TAMS 0x0000000627c00000, 0x0000000627c00000| Complete 
| 301|0x0000000627c00000, 0x0000000627e00000, 0x0000000627e00000|100%|HC|  |TAMS 0x0000000627e00000, 0x0000000627e00000| Complete 
| 302|0x0000000627e00000, 0x0000000628000000, 0x0000000628000000|100%|HC|  |TAMS 0x0000000628000000, 0x0000000628000000| Complete 
| 303|0x0000000628000000, 0x0000000628200000, 0x0000000628200000|100%|HC|  |TAMS 0x0000000628200000, 0x0000000628200000| Complete 
| 304|0x0000000628200000, 0x0000000628400000, 0x0000000628400000|100%|HC|  |TAMS 0x0000000628400000, 0x0000000628400000| Complete 
| 305|0x0000000628400000, 0x0000000628600000, 0x0000000628600000|100%|HC|  |TAMS 0x0000000628600000, 0x0000000628600000| Complete 
| 306|0x0000000628600000, 0x0000000628800000, 0x0000000628800000|100%|HC|  |TAMS 0x0000000628800000, 0x0000000628800000| Complete 
| 307|0x0000000628800000, 0x0000000628a00000, 0x0000000628a00000|100%|HC|  |TAMS 0x0000000628a00000, 0x0000000628a00000| Complete 
| 308|0x0000000628a00000, 0x0000000628c00000, 0x0000000628c00000|100%|HC|  |TAMS 0x0000000628c00000, 0x0000000628c00000| Complete 
| 309|0x0000000628c00000, 0x0000000628e00000, 0x0000000628e00000|100%|HC|  |TAMS 0x0000000628e00000, 0x0000000628e00000| Complete 
| 310|0x0000000628e00000, 0x0000000629000000, 0x0000000629000000|100%|HC|  |TAMS 0x0000000629000000, 0x0000000629000000| Complete 
| 311|0x0000000629000000, 0x0000000629200000, 0x0000000629200000|100%|HC|  |TAMS 0x0000000629200000, 0x0000000629200000| Complete 
| 312|0x0000000629200000, 0x0000000629400000, 0x0000000629400000|100%|HC|  |TAMS 0x0000000629400000, 0x0000000629400000| Complete 
| 313|0x0000000629400000, 0x0000000629600000, 0x0000000629600000|100%|HC|  |TAMS 0x0000000629600000, 0x0000000629600000| Complete 
| 314|0x0000000629600000, 0x0000000629800000, 0x0000000629800000|100%|HC|  |TAMS 0x0000000629800000, 0x0000000629800000| Complete 
| 315|0x0000000629800000, 0x0000000629a00000, 0x0000000629a00000|100%|HC|  |TAMS 0x0000000629a00000, 0x0000000629a00000| Complete 
| 316|0x0000000629a00000, 0x0000000629c00000, 0x0000000629c00000|100%|HC|  |TAMS 0x0000000629c00000, 0x0000000629c00000| Complete 
| 317|0x0000000629c00000, 0x0000000629e00000, 0x0000000629e00000|100%|HC|  |TAMS 0x0000000629e00000, 0x0000000629e00000| Complete 
| 318|0x0000000629e00000, 0x000000062a000000, 0x000000062a000000|100%|HC|  |TAMS 0x000000062a000000, 0x000000062a000000| Complete 
| 319|0x000000062a000000, 0x000000062a200000, 0x000000062a200000|100%|HC|  |TAMS 0x000000062a200000, 0x000000062a200000| Complete 
| 320|0x000000062a200000, 0x000000062a400000, 0x000000062a400000|100%|HC|  |TAMS 0x000000062a400000, 0x000000062a400000| Complete 
| 321|0x000000062a400000, 0x000000062a600000, 0x000000062a600000|100%|HC|  |TAMS 0x000000062a600000, 0x000000062a600000| Complete 
| 322|0x000000062a600000, 0x000000062a800000, 0x000000062a800000|100%|HC|  |TAMS 0x000000062a800000, 0x000000062a800000| Complete 
| 323|0x000000062a800000, 0x000000062aa00000, 0x000000062aa00000|100%|HC|  |TAMS 0x000000062aa00000, 0x000000062aa00000| Complete 
| 324|0x000000062aa00000, 0x000000062ac00000, 0x000000062ac00000|100%|HC|  |TAMS 0x000000062ac00000, 0x000000062ac00000| Complete 
| 325|0x000000062ac00000, 0x000000062ae00000, 0x000000062ae00000|100%|HC|  |TAMS 0x000000062ae00000, 0x000000062ae00000| Complete 
| 326|0x000000062ae00000, 0x000000062b000000, 0x000000062b000000|100%|HC|  |TAMS 0x000000062b000000, 0x000000062b000000| Complete 
| 327|0x000000062b000000, 0x000000062b200000, 0x000000062b200000|100%|HC|  |TAMS 0x000000062b200000, 0x000000062b200000| Complete 
| 328|0x000000062b200000, 0x000000062b400000, 0x000000062b400000|100%|HC|  |TAMS 0x000000062b400000, 0x000000062b400000| Complete 
| 329|0x000000062b400000, 0x000000062b600000, 0x000000062b600000|100%|HC|  |TAMS 0x000000062b600000, 0x000000062b600000| Complete 
| 330|0x000000062b600000, 0x000000062b800000, 0x000000062b800000|100%|HC|  |TAMS 0x000000062b800000, 0x000000062b800000| Complete 
| 331|0x000000062b800000, 0x000000062ba00000, 0x000000062ba00000|100%|HC|  |TAMS 0x000000062ba00000, 0x000000062ba00000| Complete 
| 332|0x000000062ba00000, 0x000000062bc00000, 0x000000062bc00000|100%|HC|  |TAMS 0x000000062bc00000, 0x000000062bc00000| Complete 
| 333|0x000000062bc00000, 0x000000062be00000, 0x000000062be00000|100%|HC|  |TAMS 0x000000062be00000, 0x000000062be00000| Complete 
| 334|0x000000062be00000, 0x000000062c000000, 0x000000062c000000|100%|HC|  |TAMS 0x000000062c000000, 0x000000062c000000| Complete 
| 335|0x000000062c000000, 0x000000062c200000, 0x000000062c200000|100%|HC|  |TAMS 0x000000062c200000, 0x000000062c200000| Complete 
| 336|0x000000062c200000, 0x000000062c400000, 0x000000062c400000|100%|HC|  |TAMS 0x000000062c400000, 0x000000062c400000| Complete 
| 337|0x000000062c400000, 0x000000062c600000, 0x000000062c600000|100%|HC|  |TAMS 0x000000062c600000, 0x000000062c600000| Complete 
| 338|0x000000062c600000, 0x000000062c800000, 0x000000062c800000|100%|HC|  |TAMS 0x000000062c800000, 0x000000062c800000| Complete 
| 339|0x000000062c800000, 0x000000062ca00000, 0x000000062ca00000|100%|HC|  |TAMS 0x000000062ca00000, 0x000000062ca00000| Complete 
| 340|0x000000062ca00000, 0x000000062cc00000, 0x000000062cc00000|100%|HC|  |TAMS 0x000000062cc00000, 0x000000062cc00000| Complete 
| 341|0x000000062cc00000, 0x000000062ce00000, 0x000000062ce00000|100%|HC|  |TAMS 0x000000062ce00000, 0x000000062ce00000| Complete 
| 342|0x000000062ce00000, 0x000000062d000000, 0x000000062d000000|100%|HC|  |TAMS 0x000000062d000000, 0x000000062d000000| Complete 
| 343|0x000000062d000000, 0x000000062d200000, 0x000000062d200000|100%|HC|  |TAMS 0x000000062d200000, 0x000000062d200000| Complete 
| 344|0x000000062d200000, 0x000000062d400000, 0x000000062d400000|100%|HC|  |TAMS 0x000000062d400000, 0x000000062d400000| Complete 
| 345|0x000000062d400000, 0x000000062d600000, 0x000000062d600000|100%|HC|  |TAMS 0x000000062d600000, 0x000000062d600000| Complete 
| 346|0x000000062d600000, 0x000000062d600000, 0x000000062d800000|  0%| F|  |TAMS 0x000000062d600000, 0x000000062d600000| Untracked 
| 347|0x000000062d800000, 0x000000062d800000, 0x000000062da00000|  0%| F|  |TAMS 0x000000062d800000, 0x000000062d800000| Untracked 
| 348|0x000000062da00000, 0x000000062da00000, 0x000000062dc00000|  0%| F|  |TAMS 0x000000062da00000, 0x000000062da00000| Untracked 
| 349|0x000000062dc00000, 0x000000062dc00000, 0x000000062de00000|  0%| F|  |TAMS 0x000000062dc00000, 0x000000062dc00000| Untracked 
| 350|0x000000062de00000, 0x000000062de00000, 0x000000062e000000|  0%| F|  |TAMS 0x000000062de00000, 0x000000062de00000| Untracked 
| 351|0x000000062e000000, 0x000000062e000000, 0x000000062e200000|  0%| F|  |TAMS 0x000000062e000000, 0x000000062e000000| Untracked 
| 352|0x000000062e200000, 0x000000062e200000, 0x000000062e400000|  0%| F|  |TAMS 0x000000062e200000, 0x000000062e200000| Untracked 
| 353|0x000000062e400000, 0x000000062e400000, 0x000000062e600000|  0%| F|  |TAMS 0x000000062e400000, 0x000000062e400000| Untracked 
| 354|0x000000062e600000, 0x000000062e600000, 0x000000062e800000|  0%| F|  |TAMS 0x000000062e600000, 0x000000062e600000| Untracked 
| 355|0x000000062e800000, 0x000000062e800000, 0x000000062ea00000|  0%| F|  |TAMS 0x000000062e800000, 0x000000062e800000| Untracked 
| 356|0x000000062ea00000, 0x000000062ea00000, 0x000000062ec00000|  0%| F|  |TAMS 0x000000062ea00000, 0x000000062ea00000| Untracked 
| 357|0x000000062ec00000, 0x000000062ec00000, 0x000000062ee00000|  0%| F|  |TAMS 0x000000062ec00000, 0x000000062ec00000| Untracked 
| 358|0x000000062ee00000, 0x000000062ee00000, 0x000000062f000000|  0%| F|  |TAMS 0x000000062ee00000, 0x000000062ee00000| Untracked 
| 359|0x000000062f000000, 0x000000062f000000, 0x000000062f200000|  0%| F|  |TAMS 0x000000062f000000, 0x000000062f000000| Untracked 
| 360|0x000000062f200000, 0x000000062f200000, 0x000000062f400000|  0%| F|  |TAMS 0x000000062f200000, 0x000000062f200000| Untracked 
| 361|0x000000062f400000, 0x000000062f400000, 0x000000062f600000|  0%| F|  |TAMS 0x000000062f400000, 0x000000062f400000| Untracked 
| 362|0x000000062f600000, 0x000000062f600000, 0x000000062f800000|  0%| F|  |TAMS 0x000000062f600000, 0x000000062f600000| Untracked 
| 363|0x000000062f800000, 0x000000062f800000, 0x000000062fa00000|  0%| F|  |TAMS 0x000000062f800000, 0x000000062f800000| Untracked 
| 364|0x000000062fa00000, 0x000000062fa00000, 0x000000062fc00000|  0%| F|  |TAMS 0x000000062fa00000, 0x000000062fa00000| Untracked 
| 365|0x000000062fc00000, 0x000000062fc00000, 0x000000062fe00000|  0%| F|  |TAMS 0x000000062fc00000, 0x000000062fc00000| Untracked 
| 366|0x000000062fe00000, 0x000000062fe00000, 0x0000000630000000|  0%| F|  |TAMS 0x000000062fe00000, 0x000000062fe00000| Untracked 
| 367|0x0000000630000000, 0x0000000630000000, 0x0000000630200000|  0%| F|  |TAMS 0x0000000630000000, 0x0000000630000000| Untracked 
| 368|0x0000000630200000, 0x0000000630200000, 0x0000000630400000|  0%| F|  |TAMS 0x0000000630200000, 0x0000000630200000| Untracked 
| 369|0x0000000630400000, 0x0000000630400000, 0x0000000630600000|  0%| F|  |TAMS 0x0000000630400000, 0x0000000630400000| Untracked 
| 370|0x0000000630600000, 0x0000000630600000, 0x0000000630800000|  0%| F|  |TAMS 0x0000000630600000, 0x0000000630600000| Untracked 
| 371|0x0000000630800000, 0x0000000630800000, 0x0000000630a00000|  0%| F|  |TAMS 0x0000000630800000, 0x0000000630800000| Untracked 
| 372|0x0000000630a00000, 0x0000000630a00000, 0x0000000630c00000|  0%| F|  |TAMS 0x0000000630a00000, 0x0000000630a00000| Untracked 
| 373|0x0000000630c00000, 0x0000000630c00000, 0x0000000630e00000|  0%| F|  |TAMS 0x0000000630c00000, 0x0000000630c00000| Untracked 
| 374|0x0000000630e00000, 0x0000000630e00000, 0x0000000631000000|  0%| F|  |TAMS 0x0000000630e00000, 0x0000000630e00000| Untracked 
| 375|0x0000000631000000, 0x0000000631000000, 0x0000000631200000|  0%| F|  |TAMS 0x0000000631000000, 0x0000000631000000| Untracked 
| 376|0x0000000631200000, 0x0000000631200000, 0x0000000631400000|  0%| F|  |TAMS 0x0000000631200000, 0x0000000631200000| Untracked 
| 377|0x0000000631400000, 0x0000000631400000, 0x0000000631600000|  0%| F|  |TAMS 0x0000000631400000, 0x0000000631400000| Untracked 
| 378|0x0000000631600000, 0x0000000631600000, 0x0000000631800000|  0%| F|  |TAMS 0x0000000631600000, 0x0000000631600000| Untracked 
| 379|0x0000000631800000, 0x0000000631800000, 0x0000000631a00000|  0%| F|  |TAMS 0x0000000631800000, 0x0000000631800000| Untracked 
| 380|0x0000000631a00000, 0x0000000631a00000, 0x0000000631c00000|  0%| F|  |TAMS 0x0000000631a00000, 0x0000000631a00000| Untracked 
| 381|0x0000000631c00000, 0x0000000631c00000, 0x0000000631e00000|  0%| F|  |TAMS 0x0000000631c00000, 0x0000000631c00000| Untracked 
| 382|0x0000000631e00000, 0x0000000631e00000, 0x0000000632000000|  0%| F|  |TAMS 0x0000000631e00000, 0x0000000631e00000| Untracked 
| 383|0x0000000632000000, 0x0000000632000000, 0x0000000632200000|  0%| F|  |TAMS 0x0000000632000000, 0x0000000632000000| Untracked 
| 384|0x0000000632200000, 0x0000000632200000, 0x0000000632400000|  0%| F|  |TAMS 0x0000000632200000, 0x0000000632200000| Untracked 
| 385|0x0000000632400000, 0x0000000632400000, 0x0000000632600000|  0%| F|  |TAMS 0x0000000632400000, 0x0000000632400000| Untracked 
| 386|0x0000000632600000, 0x0000000632600000, 0x0000000632800000|  0%| F|  |TAMS 0x0000000632600000, 0x0000000632600000| Untracked 
| 387|0x0000000632800000, 0x0000000632800000, 0x0000000632a00000|  0%| F|  |TAMS 0x0000000632800000, 0x0000000632800000| Untracked 
| 388|0x0000000632a00000, 0x0000000632a00000, 0x0000000632c00000|  0%| F|  |TAMS 0x0000000632a00000, 0x0000000632a00000| Untracked 
| 389|0x0000000632c00000, 0x0000000632c00000, 0x0000000632e00000|  0%| F|  |TAMS 0x0000000632c00000, 0x0000000632c00000| Untracked 
| 390|0x0000000632e00000, 0x0000000632e00000, 0x0000000633000000|  0%| F|  |TAMS 0x0000000632e00000, 0x0000000632e00000| Untracked 
| 391|0x0000000633000000, 0x0000000633000000, 0x0000000633200000|  0%| F|  |TAMS 0x0000000633000000, 0x0000000633000000| Untracked 
| 392|0x0000000633200000, 0x0000000633200000, 0x0000000633400000|  0%| F|  |TAMS 0x0000000633200000, 0x0000000633200000| Untracked 
| 393|0x0000000633400000, 0x0000000633400000, 0x0000000633600000|  0%| F|  |TAMS 0x0000000633400000, 0x0000000633400000| Untracked 
| 394|0x0000000633600000, 0x0000000633600000, 0x0000000633800000|  0%| F|  |TAMS 0x0000000633600000, 0x0000000633600000| Untracked 
| 395|0x0000000633800000, 0x0000000633800000, 0x0000000633a00000|  0%| F|  |TAMS 0x0000000633800000, 0x0000000633800000| Untracked 
| 396|0x0000000633a00000, 0x0000000633a00000, 0x0000000633c00000|  0%| F|  |TAMS 0x0000000633a00000, 0x0000000633a00000| Untracked 
| 397|0x0000000633c00000, 0x0000000633c00000, 0x0000000633e00000|  0%| F|  |TAMS 0x0000000633c00000, 0x0000000633c00000| Untracked 
| 398|0x0000000633e00000, 0x0000000633e00000, 0x0000000634000000|  0%| F|  |TAMS 0x0000000633e00000, 0x0000000633e00000| Untracked 
| 399|0x0000000634000000, 0x0000000634000000, 0x0000000634200000|  0%| F|  |TAMS 0x0000000634000000, 0x0000000634000000| Untracked 
| 400|0x0000000634200000, 0x0000000634200000, 0x0000000634400000|  0%| F|  |TAMS 0x0000000634200000, 0x0000000634200000| Untracked 
| 401|0x0000000634400000, 0x0000000634400810, 0x0000000634600000|  0%| S|CS|TAMS 0x0000000634400000, 0x0000000634400000| Complete 
| 402|0x0000000634600000, 0x0000000634600000, 0x0000000634800000|  0%| F|  |TAMS 0x0000000634600000, 0x0000000634600000| Untracked 

Card table byte_map: [0x000002c9eb750000,0x000002c9ec740000] _byte_map_base: 0x000002c9e873f000

Marking Bits (Prev, Next): (CMBitMap*) 0x000002c9d2c2f8b8, (CMBitMap*) 0x000002c9d2c2f8f0
 Prev Bits: [0x000002c9ed730000, 0x000002c9f56a8000)
 Next Bits: [0x000002c9f56b0000, 0x000002c9fd628000)

Polling page: 0x000002c9d08f0000

Metaspace:

Usage:
  Non-class:     41.10 MB capacity,    40.64 MB ( 99%) used,   368.62 KB ( <1%) free+waste,   100.50 KB ( <1%) overhead. 
      Class:      5.73 MB capacity,     5.46 MB ( 95%) used,   231.95 KB (  4%) free+waste,    45.06 KB ( <1%) overhead. 
       Both:     46.83 MB capacity,    46.10 MB ( 98%) used,   600.57 KB (  1%) free+waste,   145.56 KB ( <1%) overhead. 

Virtual space:
  Non-class space:       42.00 MB reserved,      41.33 MB ( 98%) committed 
      Class space:        1.00 GB reserved,       5.75 MB ( <1%) committed 
             Both:        1.04 GB reserved,      47.08 MB (  4%) committed 

Chunk freelists:
   Non-Class:  41.00 KB
       Class:  0 bytes
        Both:  41.00 KB

MaxMetaspaceSize: 17179869184.00 GB
CompressedClassSpaceSize: 1.00 GB

CodeHeap 'non-profiled nmethods': size=120000Kb used=2554Kb max_used=2554Kb free=117445Kb
 bounds [0x000002c9e2ce0000, 0x000002c9e2f60000, 0x000002c9ea210000]
CodeHeap 'profiled nmethods': size=120000Kb used=8461Kb max_used=8461Kb free=111538Kb
 bounds [0x000002c9db7b0000, 0x000002c9dc000000, 0x000002c9e2ce0000]
CodeHeap 'non-nmethods': size=5760Kb used=1307Kb max_used=1350Kb free=4453Kb
 bounds [0x000002c9db210000, 0x000002c9db480000, 0x000002c9db7b0000]
 total_blobs=7268 nmethods=4347 adapters=604
 compilation: enabled
              stopped_count=0, restarted_count=0
 full_count=0

Compilation events (20 events):
Event: 22.082 Thread 0x000002c98061a000 4690       3       com.fasterxml.jackson.databind.jsontype.NamedType::<init> (39 bytes)
Event: 22.082 Thread 0x000002c98061a000 nmethod 4690 0x000002c9dbff3790 code [0x000002c9dbff39c0, 0x000002c9dbff4030]
Event: 22.082 Thread 0x000002c98061a000 4689       3       com.fasterxml.jackson.databind.deser.SettableBeanProperty::getName (8 bytes)
Event: 22.082 Thread 0x000002c98061a000 nmethod 4689 0x000002c9dbff4290 code [0x000002c9dbff4440, 0x000002c9dbff45d8]
Event: 22.082 Thread 0x000002c98061a000 4691       1       com.fasterxml.jackson.databind.type.ClassKey::hashCode (5 bytes)
Event: 22.082 Thread 0x000002c98061a000 nmethod 4691 0x000002c9e2f5ca10 code [0x000002c9e2f5cbc0, 0x000002c9e2f5ccd8]
Event: 22.084 Thread 0x000002c98061a000 4692 %     3       com.fasterxml.jackson.core.json.UTF8StreamJsonParser::_finishString2 @ 68 (321 bytes)
Event: 22.086 Thread 0x000002c98061a000 nmethod 4692% 0x000002c9dbff4690 code [0x000002c9dbff4ac0, 0x000002c9dbff6890]
Event: 22.086 Thread 0x000002c98060f800 4693 %     4       com.fasterxml.jackson.core.json.UTF8StreamJsonParser::_finishString2 @ 68 (321 bytes)
Event: 22.093 Thread 0x000002c98060f800 nmethod 4693% 0x000002c9e2f5cd90 code [0x000002c9e2f5cf40, 0x000002c9e2f5d4b8]
Event: 22.093 Thread 0x000002c98060f800 4694       4       com.fasterxml.jackson.core.json.UTF8StreamJsonParser::_finishString2 (321 bytes)
Event: 22.097 Thread 0x000002c98060f800 nmethod 4694 0x000002c9e2f5d710 code [0x000002c9e2f5d8e0, 0x000002c9e2f5dcf8]
Event: 22.097 Thread 0x000002c98060f800 4695 %     4       com.fasterxml.jackson.core.json.UTF8StreamJsonParser::_finishString2 @ 68 (321 bytes)
Event: 22.106 Thread 0x000002c98060f800 nmethod 4695% 0x000002c9e2f5df10 code [0x000002c9e2f5e0e0, 0x000002c9e2f5e818]
Event: 22.119 Thread 0x000002c98061a000 4696       3       com.fasterxml.jackson.core.util.TextBuffer::carr (4 bytes)
Event: 22.119 Thread 0x000002c98061a000 nmethod 4696 0x000002c9dbff7410 code [0x000002c9dbff75c0, 0x000002c9dbff77b8]
Event: 22.120 Thread 0x000002c98061a000 4697       3       com.fasterxml.jackson.core.util.TextBuffer::finishCurrentSegment (98 bytes)
Event: 22.121 Thread 0x000002c98061a000 nmethod 4697 0x000002c9dbff7890 code [0x000002c9dbff7b00, 0x000002c9dbff8720]
Event: 22.194 Thread 0x000002c98061a000 4698       3       java.lang.StringBuilder::append (10 bytes)
Event: 22.194 Thread 0x000002c98061a000 nmethod 4698 0x000002c9dbff8b10 code [0x000002c9dbff8d00, 0x000002c9dbff8fb0]

GC Heap History (20 events):
Event: 20.845 GC heap after
{Heap after GC invocations=33 (full 0):
 garbage-first heap   total 696320K, used 422151K [0x0000000602200000, 0x0000000800000000)
  region size 2048K, 1 young (2048K), 1 survivors (2048K)
 Metaspace       used 47173K, capacity 47950K, committed 48208K, reserved 1091584K
  class space    used 5585K, capacity 5863K, committed 5888K, reserved 1048576K
}
Event: 20.951 GC heap before
{Heap before GC invocations=34 (full 0):
 garbage-first heap   total 825344K, used 551175K [0x0000000602200000, 0x0000000800000000)
  region size 2048K, 2 young (4096K), 1 survivors (2048K)
 Metaspace       used 47173K, capacity 47950K, committed 48208K, reserved 1091584K
  class space    used 5585K, capacity 5863K, committed 5888K, reserved 1048576K
}
Event: 20.952 GC heap after
{Heap after GC invocations=35 (full 0):
 garbage-first heap   total 825344K, used 356616K [0x0000000602200000, 0x0000000800000000)
  region size 2048K, 1 young (2048K), 1 survivors (2048K)
 Metaspace       used 47173K, capacity 47950K, committed 48208K, reserved 1091584K
  class space    used 5585K, capacity 5863K, committed 5888K, reserved 1048576K
}
Event: 21.150 GC heap before
{Heap before GC invocations=36 (full 0):
 garbage-first heap   total 825344K, used 487688K [0x0000000602200000, 0x0000000800000000)
  region size 2048K, 30 young (61440K), 1 survivors (2048K)
 Metaspace       used 47173K, capacity 47950K, committed 48208K, reserved 1091584K
  class space    used 5585K, capacity 5863K, committed 5888K, reserved 1048576K
}
Event: 21.159 GC heap after
{Heap after GC invocations=37 (full 0):
 garbage-first heap   total 825344K, used 491264K [0x0000000602200000, 0x0000000800000000)
  region size 2048K, 16 young (32768K), 16 survivors (32768K)
 Metaspace       used 47173K, capacity 47950K, committed 48208K, reserved 1091584K
  class space    used 5585K, capacity 5863K, committed 5888K, reserved 1048576K
}
Event: 21.329 GC heap before
{Heap before GC invocations=38 (full 0):
 garbage-first heap   total 825344K, used 663296K [0x0000000602200000, 0x0000000800000000)
  region size 2048K, 72 young (147456K), 16 survivors (32768K)
 Metaspace       used 47185K, capacity 47950K, committed 48208K, reserved 1091584K
  class space    used 5585K, capacity 5863K, committed 5888K, reserved 1048576K
}
Event: 21.330 GC heap after
{Heap after GC invocations=39 (full 0):
 garbage-first heap   total 825344K, used 459613K [0x0000000602200000, 0x0000000800000000)
  region size 2048K, 1 young (2048K), 1 survivors (2048K)
 Metaspace       used 47185K, capacity 47950K, committed 48208K, reserved 1091584K
  class space    used 5585K, capacity 5863K, committed 5888K, reserved 1048576K
}
Event: 21.415 GC heap before
{Heap before GC invocations=39 (full 0):
 garbage-first heap   total 825344K, used 605021K [0x0000000602200000, 0x0000000800000000)
  region size 2048K, 72 young (147456K), 1 survivors (2048K)
 Metaspace       used 47185K, capacity 47950K, committed 48208K, reserved 1091584K
  class space    used 5585K, capacity 5863K, committed 5888K, reserved 1048576K
}
Event: 21.416 GC heap after
{Heap after GC invocations=40 (full 0):
 garbage-first heap   total 825344K, used 459639K [0x0000000602200000, 0x0000000800000000)
  region size 2048K, 1 young (2048K), 1 survivors (2048K)
 Metaspace       used 47185K, capacity 47950K, committed 48208K, reserved 1091584K
  class space    used 5585K, capacity 5863K, committed 5888K, reserved 1048576K
}
Event: 21.526 GC heap before
{Heap before GC invocations=41 (full 0):
 garbage-first heap   total 825344K, used 596855K [0x0000000602200000, 0x0000000800000000)
  region size 2048K, 80 young (163840K), 1 survivors (2048K)
 Metaspace       used 47185K, capacity 47950K, committed 48208K, reserved 1091584K
  class space    used 5585K, capacity 5863K, committed 5888K, reserved 1048576K
}
Event: 21.527 GC heap after
{Heap after GC invocations=42 (full 0):
 garbage-first heap   total 825344K, used 435061K [0x0000000602200000, 0x0000000800000000)
  region size 2048K, 1 young (2048K), 1 survivors (2048K)
 Metaspace       used 47185K, capacity 47950K, committed 48208K, reserved 1091584K
  class space    used 5585K, capacity 5863K, committed 5888K, reserved 1048576K
}
Event: 21.683 GC heap before
{Heap before GC invocations=42 (full 0):
 garbage-first heap   total 825344K, used 625525K [0x0000000602200000, 0x0000000800000000)
  region size 2048K, 94 young (192512K), 1 survivors (2048K)
 Metaspace       used 47185K, capacity 47950K, committed 48208K, reserved 1091584K
  class space    used 5585K, capacity 5863K, committed 5888K, reserved 1048576K
}
Event: 21.684 GC heap after
{Heap after GC invocations=43 (full 0):
 garbage-first heap   total 825344K, used 435068K [0x0000000602200000, 0x0000000800000000)
  region size 2048K, 1 young (2048K), 1 survivors (2048K)
 Metaspace       used 47185K, capacity 47950K, committed 48208K, reserved 1091584K
  class space    used 5585K, capacity 5863K, committed 5888K, reserved 1048576K
}
Event: 21.878 GC heap before
{Heap before GC invocations=44 (full 0):
 garbage-first heap   total 825344K, used 639868K [0x0000000602200000, 0x0000000800000000)
  region size 2048K, 101 young (206848K), 1 survivors (2048K)
 Metaspace       used 47185K, capacity 47950K, committed 48208K, reserved 1091584K
  class space    used 5585K, capacity 5863K, committed 5888K, reserved 1048576K
}
Event: 21.879 GC heap after
{Heap after GC invocations=45 (full 0):
 garbage-first heap   total 825344K, used 435063K [0x0000000602200000, 0x0000000800000000)
  region size 2048K, 1 young (2048K), 1 survivors (2048K)
 Metaspace       used 47185K, capacity 47950K, committed 48208K, reserved 1091584K
  class space    used 5585K, capacity 5863K, committed 5888K, reserved 1048576K
}
Event: 22.091 GC heap before
{Heap before GC invocations=45 (full 0):
 garbage-first heap   total 825344K, used 650103K [0x0000000602200000, 0x0000000800000000)
  region size 2048K, 107 young (219136K), 1 survivors (2048K)
 Metaspace       used 47203K, capacity 47950K, committed 48208K, reserved 1091584K
  class space    used 5585K, capacity 5863K, committed 5888K, reserved 1048576K
}
Event: 22.093 GC heap after
{Heap after GC invocations=46 (full 0):
 garbage-first heap   total 825344K, used 438971K [0x0000000602200000, 0x0000000800000000)
  region size 2048K, 3 young (6144K), 3 survivors (6144K)
 Metaspace       used 47203K, capacity 47950K, committed 48208K, reserved 1091584K
  class space    used 5585K, capacity 5863K, committed 5888K, reserved 1048576K
}
Event: 22.174 GC heap before
{Heap before GC invocations=47 (full 0):
 garbage-first heap   total 825344K, used 590523K [0x0000000602200000, 0x0000000800000000)
  region size 2048K, 79 young (161792K), 3 survivors (6144K)
 Metaspace       used 47203K, capacity 47950K, committed 48208K, reserved 1091584K
  class space    used 5585K, capacity 5863K, committed 5888K, reserved 1048576K
}
Event: 22.187 GC heap after
{Heap after GC invocations=48 (full 0):
 garbage-first heap   total 825344K, used 592512K [0x0000000602200000, 0x0000000800000000)
  region size 2048K, 15 young (30720K), 15 survivors (30720K)
 Metaspace       used 47203K, capacity 47950K, committed 48208K, reserved 1091584K
  class space    used 5585K, capacity 5863K, committed 5888K, reserved 1048576K
}
Event: 22.234 GC heap before
{Heap before GC invocations=49 (full 0):
 garbage-first heap   total 825344K, used 668288K [0x0000000602200000, 0x0000000800000000)
  region size 2048K, 16 young (32768K), 15 survivors (30720K)
 Metaspace       used 47203K, capacity 47950K, committed 48208K, reserved 1091584K
  class space    used 5585K, capacity 5863K, committed 5888K, reserved 1048576K
}

Deoptimization events (20 events):
Event: 21.207 Thread 0x000002c9d0a0e000 DEOPT PACKING pc=0x000002c9dbfb2da8 sp=0x000000df2a6fd600
Event: 21.207 Thread 0x000002c9d0a0e000 DEOPT UNPACKING pc=0x000002c9db238fce sp=0x000000df2a6fcb70 mode 0
Event: 21.207 Thread 0x000002c9d0a0e000 DEOPT PACKING pc=0x000002c9dbfb2da8 sp=0x000000df2a6fd600
Event: 21.207 Thread 0x000002c9d0a0e000 DEOPT UNPACKING pc=0x000002c9db238fce sp=0x000000df2a6fcb70 mode 0
Event: 21.207 Thread 0x000002c9d0a0e000 DEOPT PACKING pc=0x000002c9dbfb2da8 sp=0x000000df2a6fd600
Event: 21.207 Thread 0x000002c9d0a0e000 DEOPT UNPACKING pc=0x000002c9db238fce sp=0x000000df2a6fcb70 mode 0
Event: 21.208 Thread 0x000002c9d0a0e000 DEOPT PACKING pc=0x000002c9dbfb2da8 sp=0x000000df2a6fd600
Event: 21.208 Thread 0x000002c9d0a0e000 DEOPT UNPACKING pc=0x000002c9db238fce sp=0x000000df2a6fcb70 mode 0
Event: 21.209 Thread 0x000002c9d0a0e000 DEOPT PACKING pc=0x000002c9dbfbd587 sp=0x000000df2a6fdb10
Event: 21.209 Thread 0x000002c9d0a0e000 DEOPT UNPACKING pc=0x000002c9db238fce sp=0x000000df2a6fd008 mode 0
Event: 22.093 Thread 0x000002c9d0a0e000 DEOPT PACKING pc=0x000002c9dbff6444 sp=0x000000df2a6fd140
Event: 22.093 Thread 0x000002c9d0a0e000 DEOPT UNPACKING pc=0x000002c9db238fce sp=0x000000df2a6fc6e0 mode 0
Event: 22.093 Thread 0x000002c9d0a0e000 Uncommon trap: trap_request=0xffffff4d fr.pc=0x000002c9e2f5d3a8 relative=0x0000000000000468
Event: 22.093 Thread 0x000002c9d0a0e000 Uncommon trap: reason=unstable_if action=reinterpret pc=0x000002c9e2f5d3a8 method=com.fasterxml.jackson.core.json.UTF8StreamJsonParser._finishString2([CI)V @ 72 c2
Event: 22.093 Thread 0x000002c9d0a0e000 DEOPT PACKING pc=0x000002c9e2f5d3a8 sp=0x000000df2a6fd220
Event: 22.093 Thread 0x000002c9d0a0e000 DEOPT UNPACKING pc=0x000002c9db2391af sp=0x000000df2a6fd1e0 mode 2
Event: 22.173 Thread 0x000002c9d0a0e000 Uncommon trap: trap_request=0xffffff4d fr.pc=0x000002c9e2f5e480 relative=0x00000000000003a0
Event: 22.173 Thread 0x000002c9d0a0e000 Uncommon trap: reason=unstable_if action=reinterpret pc=0x000002c9e2f5e480 method=com.fasterxml.jackson.core.json.UTF8StreamJsonParser._finishString2([CI)V @ 92 c2
Event: 22.173 Thread 0x000002c9d0a0e000 DEOPT PACKING pc=0x000002c9e2f5e480 sp=0x000000df2a6fd220
Event: 22.173 Thread 0x000002c9d0a0e000 DEOPT UNPACKING pc=0x000002c9db2391af sp=0x000000df2a6fd1e8 mode 2

Classes redefined (0 events):
No events

Internal exceptions (20 events):
Event: 3.307 Thread 0x000002c9821a9000 Exception <a 'java/lang/NoSuchMethodError'{0x000000061f320dd8}: 'java.lang.Object java.lang.invoke.Invokers$Holder.linkToTargetMethod(java.lang.Object, java.lang.Object, java.lang.Object, java.lang.Object, java.lang.Object, java.lang.Object, java.lang.Object)'> (0x000000061f320dd8) thrown at [./src/hotspot/share/interpreter/linkResolver.cpp, line 773]
Event: 3.378 Thread 0x000002c98385f800 Exception <a 'java/lang/NoSuchMethodError'{0x000000061ece5858}: 'java.lang.Object java.lang.invoke.Invokers$Holder.linkToTargetMethod(java.lang.Object, java.lang.Object, int, java.lang.Object, java.lang.Object)'> (0x000000061ece5858) thrown at [./src/hotspot/share/interpreter/linkResolver.cpp, line 773]
Event: 3.433 Thread 0x000002c9821a9000 Exception <a 'java/lang/NoSuchMethodError'{0x000000061f358928}: 'void java.lang.invoke.DirectMethodHandle$Holder.invokeSpecial(java.lang.Object, java.lang.Object, java.lang.Object, java.lang.Object, java.lang.Object)'> (0x000000061f358928) thrown at [./src/hotspot/share/interpreter/linkResolver.cpp, line 773]
Event: 3.437 Thread 0x000002c9821a9000 Exception <a 'java/lang/NoSuchMethodError'{0x000000061f399f60}: 'void java.lang.invoke.DirectMethodHandle$Holder.invokeSpecial(java.lang.Object, java.lang.Object, java.lang.Object, java.lang.Object, java.lang.Object, java.lang.Object)'> (0x000000061f399f60) thrown at [./src/hotspot/share/interpreter/linkResolver.cpp, line 773]
Event: 3.469 Thread 0x000002c9839d9000 Exception <a 'java/lang/NoSuchMethodError'{0x000000061e68f798}: 'void java.lang.invoke.DirectMethodHandle$Holder.invokeVirtual(java.lang.Object, java.lang.Object)'> (0x000000061e68f798) thrown at [./src/hotspot/share/interpreter/linkResolver.cpp, line 773]
Event: 3.555 Thread 0x000002c9839d9000 Exception <a 'java/lang/NoSuchMethodError'{0x000000061e2123b8}: 'int java.lang.invoke.DirectMethodHandle$Holder.invokeStaticInit(java.lang.Object, java.lang.Object)'> (0x000000061e2123b8) thrown at [./src/hotspot/share/interpreter/linkResolver.cpp, line 773]
Event: 3.555 Thread 0x000002c9839d9000 Exception <a 'java/lang/NoSuchMethodError'{0x000000061e217e60}: 'int java.lang.invoke.DirectMethodHandle$Holder.invokeSpecial(java.lang.Object, java.lang.Object, java.lang.Object, java.lang.Object, java.lang.Object)'> (0x000000061e217e60) thrown at [./src/hotspot/share/interpreter/linkResolver.cpp, line 773]
Event: 3.562 Thread 0x000002c9839d9000 Exception <a 'java/lang/NoSuchMethodError'{0x000000061e280a80}: 'java.lang.Object java.lang.invoke.DirectMethodHandle$Holder.invokeStatic(java.lang.Object, java.lang.Object, int, java.lang.Object)'> (0x000000061e280a80) thrown at [./src/hotspot/share/interpreter/linkResolver.cpp, line 773]
Event: 3.563 Thread 0x000002c9839d9000 Exception <a 'java/lang/NoSuchMethodError'{0x000000061e2841b8}: 'java.lang.Object java.lang.invoke.DirectMethodHandle$Holder.invokeSpecial(java.lang.Object, java.lang.Object, java.lang.Object, int, java.lang.Object)'> (0x000000061e2841b8) thrown at [./src/hotspot/share/interpreter/linkResolver.cpp, line 773]
Event: 3.563 Thread 0x000002c9839d9000 Exception <a 'java/lang/NoSuchMethodError'{0x000000061e287220}: 'java.lang.Object java.lang.invoke.Invokers$Holder.linkToTargetMethod(java.lang.Object, int, java.lang.Object, java.lang.Object)'> (0x000000061e287220) thrown at [./src/hotspot/share/interpreter/linkResolver.cpp, line 773]
Event: 4.098 Thread 0x000002c9d0a0e000 Exception <a 'sun/nio/fs/WindowsException'{0x000000061fcb4f70}> (0x000000061fcb4f70) thrown at [./src/hotspot/share/prims/jni.cpp, line 615]
Event: 4.286 Thread 0x000002c9d0a0e000 Exception <a 'java/lang/NullPointerException'{0x000000061f33c6d8}> (0x000000061f33c6d8) thrown at [./src/hotspot/share/interpreter/linkResolver.cpp, line 1358]
Event: 5.514 Thread 0x000002c9d0a0e000 Implicit null exception at 0x000002c9e2ebdb43 to 0x000002c9e2ebf23e
Event: 6.045 Thread 0x000002c987dc0000 Exception <a 'java/lang/NullPointerException'{0x000000061eb28050}> (0x000000061eb28050) thrown at [./src/hotspot/share/interpreter/linkResolver.cpp, line 1358]
Event: 7.053 Thread 0x000002c987dc0000 Exception <a 'java/lang/NullPointerException'{0x000000061eb300e0}> (0x000000061eb300e0) thrown at [./src/hotspot/share/interpreter/linkResolver.cpp, line 1358]
Event: 9.055 Thread 0x000002c987dc0000 Exception <a 'java/lang/NullPointerException'{0x000000061eb30e28}> (0x000000061eb30e28) thrown at [./src/hotspot/share/interpreter/linkResolver.cpp, line 1358]
Event: 12.063 Thread 0x000002c987dc0000 Exception <a 'java/lang/NullPointerException'{0x0000000616400cc8}> (0x0000000616400cc8) thrown at [./src/hotspot/share/interpreter/linkResolver.cpp, line 1358]
Event: 17.075 Thread 0x000002c987dc0000 Exception <a 'java/lang/NullPointerException'{0x0000000621a01278}> (0x0000000621a01278) thrown at [./src/hotspot/share/interpreter/linkResolver.cpp, line 1358]
Event: 19.675 Thread 0x000002c987dbc000 Exception <a 'java/lang/InterruptedException'{0x000000061cf00840}: sleep interrupted> (0x000000061cf00840) thrown at [./src/hotspot/share/prims/jvm.cpp, line 3107]
Event: 19.676 Thread 0x000002c987dc0000 Exception <a 'java/lang/InterruptedException'{0x0000000621a01588}: sleep interrupted> (0x0000000621a01588) thrown at [./src/hotspot/share/prims/jvm.cpp, line 3107]

Events (20 events):
Event: 21.684 Executing VM operation: G1CollectForAllocation done
Event: 21.694 Executing VM operation: CGC_Operation
Event: 21.696 Executing VM operation: CGC_Operation done
Event: 21.700 Executing VM operation: CGC_Operation
Event: 21.700 Executing VM operation: CGC_Operation done
Event: 21.878 Executing VM operation: G1CollectForAllocation
Event: 21.879 Executing VM operation: G1CollectForAllocation done
Event: 22.091 Executing VM operation: G1CollectForAllocation
Event: 22.093 Executing VM operation: G1CollectForAllocation done
Event: 22.102 Executing VM operation: CGC_Operation
Event: 22.104 Executing VM operation: CGC_Operation done
Event: 22.108 Executing VM operation: CGC_Operation
Event: 22.109 Executing VM operation: CGC_Operation done
Event: 22.173 Executing VM operation: G1CollectForAllocation
Event: 22.187 Executing VM operation: G1CollectForAllocation done
Event: 22.198 Executing VM operation: CGC_Operation
Event: 22.200 Executing VM operation: CGC_Operation done
Event: 22.204 Executing VM operation: CGC_Operation
Event: 22.205 Executing VM operation: CGC_Operation done
Event: 22.234 Executing VM operation: G1CollectForAllocation


Dynamic libraries:
0x00007ff6afe50000 - 0x00007ff6afe5d000 	F:\java\corretto_11\bin\java.exe
0x00007ffdbeb30000 - 0x00007ffdbed25000 	C:\WINDOWS\SYSTEM32\ntdll.dll
0x00007ffdbe6a0000 - 0x00007ffdbe75d000 	C:\WINDOWS\System32\KERNEL32.DLL
0x00007ffdbc3a0000 - 0x00007ffdbc667000 	C:\WINDOWS\System32\KERNELBASE.dll
0x00007ffdbc270000 - 0x00007ffdbc370000 	C:\WINDOWS\System32\ucrtbase.dll
0x00007ffdb1550000 - 0x00007ffdb1567000 	F:\java\corretto_11\bin\jli.dll
0x00007ffdad530000 - 0x00007ffdad545000 	F:\java\corretto_11\bin\VCRUNTIME140.dll
0x00007ffdbdd40000 - 0x00007ffdbdee0000 	C:\WINDOWS\System32\USER32.dll
0x00007ffdbc870000 - 0x00007ffdbc892000 	C:\WINDOWS\System32\win32u.dll
0x00007ffda39f0000 - 0x00007ffda3c8b000 	C:\WINDOWS\WinSxS\amd64_microsoft.windows.common-controls_6595b64144ccf1df_6.0.19041.488_none_ca04af081b815d21\COMCTL32.dll
0x00007ffdbdf00000 - 0x00007ffdbdf2a000 	C:\WINDOWS\System32\GDI32.dll
0x00007ffdbe110000 - 0x00007ffdbe1ae000 	C:\WINDOWS\System32\msvcrt.dll
0x00007ffdbc950000 - 0x00007ffdbca59000 	C:\WINDOWS\System32\gdi32full.dll
0x00007ffdbc670000 - 0x00007ffdbc70d000 	C:\WINDOWS\System32\msvcp_win.dll
0x00007ffdbcb90000 - 0x00007ffdbcbc0000 	C:\WINDOWS\System32\IMM32.DLL
0x00007ffd95ac0000 - 0x00007ffd95b5b000 	F:\java\corretto_11\bin\msvcp140.dll
0x00007ffd5b2a0000 - 0x00007ffd5bd5c000 	F:\java\corretto_11\bin\server\jvm.dll
0x00007ffdbe5f0000 - 0x00007ffdbe69a000 	C:\WINDOWS\System32\ADVAPI32.dll
0x00007ffdbe070000 - 0x00007ffdbe10b000 	C:\WINDOWS\System32\sechost.dll
0x00007ffdbe9c0000 - 0x00007ffdbeae4000 	C:\WINDOWS\System32\RPCRT4.dll
0x00007ffdbe210000 - 0x00007ffdbe218000 	C:\WINDOWS\System32\PSAPI.DLL
0x00007ffdb1da0000 - 0x00007ffdb1dc7000 	C:\WINDOWS\SYSTEM32\WINMM.dll
0x00007ffdb3080000 - 0x00007ffdb3089000 	C:\WINDOWS\SYSTEM32\WSOCK32.dll
0x00007ffdbdcd0000 - 0x00007ffdbdd3b000 	C:\WINDOWS\System32\WS2_32.dll
0x00007ffdb55e0000 - 0x00007ffdb55ea000 	C:\WINDOWS\SYSTEM32\VERSION.dll
0x00007ffdba0d0000 - 0x00007ffdba0e3000 	C:\WINDOWS\SYSTEM32\kernel.appcore.dll
0x00007ffdb1540000 - 0x00007ffdb1550000 	F:\java\corretto_11\bin\verify.dll
0x00007ffdb47a0000 - 0x00007ffdb4984000 	C:\WINDOWS\SYSTEM32\DBGHELP.DLL
0x00007ffdb46c0000 - 0x00007ffdb46ec000 	C:\WINDOWS\SYSTEM32\dbgcore.DLL
0x00007ffdbca60000 - 0x00007ffdbcadf000 	C:\WINDOWS\System32\bcryptPrimitives.dll
0x00007ffdad500000 - 0x00007ffdad528000 	F:\java\corretto_11\bin\java.dll
0x00007ffdb4ba0000 - 0x00007ffdb4bae000 	F:\java\corretto_11\bin\instrument.dll
0x00007ffda6030000 - 0x00007ffda6046000 	F:\java\corretto_11\bin\zip.dll
0x00007ffda6020000 - 0x00007ffda602a000 	F:\java\corretto_11\bin\jimage.dll
0x00007ffdbcd70000 - 0x00007ffdbd4b1000 	C:\WINDOWS\System32\SHELL32.dll
0x00007ffdba3b0000 - 0x00007ffdbab43000 	C:\WINDOWS\SYSTEM32\windows.storage.dll
0x00007ffdbe290000 - 0x00007ffdbe5e5000 	C:\WINDOWS\System32\combase.dll
0x00007ffdbbc10000 - 0x00007ffdbbc3c000 	C:\WINDOWS\SYSTEM32\Wldp.dll
0x00007ffdbe910000 - 0x00007ffdbe9be000 	C:\WINDOWS\System32\SHCORE.dll
0x00007ffdbe010000 - 0x00007ffdbe065000 	C:\WINDOWS\System32\shlwapi.dll
0x00007ffdbc1a0000 - 0x00007ffdbc1c6000 	C:\WINDOWS\SYSTEM32\profapi.dll
0x00007ffd9c530000 - 0x00007ffd9c549000 	F:\java\corretto_11\bin\net.dll
0x00007ffdb5d50000 - 0x00007ffdb5e50000 	C:\WINDOWS\SYSTEM32\WINHTTP.dll
0x00007ffdbb990000 - 0x00007ffdbb9fa000 	C:\WINDOWS\system32\mswsock.dll
0x00007ffd951c0000 - 0x00007ffd951d2000 	F:\java\corretto_11\bin\nio.dll
0x00007ffda6bb0000 - 0x00007ffda6bca000 	C:\Program Files\JetBrains\IntelliJ IDEA Community Edition 2019.2\bin\breakgen64.dll
0x00007ffdb4b90000 - 0x00007ffdb4b99000 	F:\java\corretto_11\bin\management.dll
0x00007ffdb2b70000 - 0x00007ffdb2b7b000 	F:\java\corretto_11\bin\management_ext.dll
0x00007ffd9cd30000 - 0x00007ffd9cd47000 	C:\WINDOWS\system32\napinsp.dll
0x00007ffd9cd50000 - 0x00007ffd9cd6b000 	C:\WINDOWS\system32\pnrpnsp.dll
0x00007ffdb7780000 - 0x00007ffdb7795000 	C:\WINDOWS\system32\wshbth.dll
0x00007ffdb6900000 - 0x00007ffdb691d000 	C:\WINDOWS\system32\NLAapi.dll
0x00007ffdbb640000 - 0x00007ffdbb67b000 	C:\WINDOWS\SYSTEM32\IPHLPAPI.DLL
0x00007ffdbb680000 - 0x00007ffdbb74b000 	C:\WINDOWS\SYSTEM32\DNSAPI.dll
0x00007ffdbdcc0000 - 0x00007ffdbdcc9000 	C:\WINDOWS\System32\NSI.dll
0x00007ffd9cd70000 - 0x00007ffd9cd82000 	C:\WINDOWS\System32\winrnr.dll
0x00007ffdb54f0000 - 0x00007ffdb54fa000 	C:\Windows\System32\rasadhlp.dll
0x00007ffdb5a00000 - 0x00007ffdb5a7f000 	C:\WINDOWS\System32\fwpuclnt.dll
0x00007ffdbc370000 - 0x00007ffdbc397000 	C:\WINDOWS\System32\bcrypt.dll
0x00007ffdbbf40000 - 0x00007ffdbbf58000 	C:\WINDOWS\SYSTEM32\CRYPTSP.dll
0x00007ffdbb2e0000 - 0x00007ffdbb314000 	C:\WINDOWS\system32\rsaenh.dll
0x00007ffdbc160000 - 0x00007ffdbc18e000 	C:\WINDOWS\SYSTEM32\USERENV.dll
0x00007ffdbbb10000 - 0x00007ffdbbb1c000 	C:\WINDOWS\SYSTEM32\CRYPTBASE.dll
0x00007ffdb66a0000 - 0x00007ffdb66b7000 	C:\WINDOWS\SYSTEM32\dhcpcsvc6.DLL
0x00007ffdb65d0000 - 0x00007ffdb65ed000 	C:\WINDOWS\SYSTEM32\dhcpcsvc.DLL
0x000000006e4c0000 - 0x000000006e4df000 	C:\Users\Gary\AppData\Local\Temp\jffi12111477056398830858.dll
0x00007ffd95190000 - 0x00007ffd951b5000 	F:\java\corretto_11\bin\sunec.dll
0x00007ffd9de70000 - 0x00007ffd9de7e000 	F:\java\corretto_11\bin\sunmscapi.dll
0x00007ffdbc710000 - 0x00007ffdbc86d000 	C:\WINDOWS\System32\CRYPT32.dll
0x00007ffdbbc80000 - 0x00007ffdbbca7000 	C:\WINDOWS\SYSTEM32\ncrypt.dll
0x00007ffdbbc40000 - 0x00007ffdbbc7b000 	C:\WINDOWS\SYSTEM32\NTASN1.dll

dbghelp: loaded successfully - version: 4.0.5 - missing functions: none
symbol engine: initialized successfully - sym options: 0x614 - pdb path: .;F:\java\corretto_11\bin;C:\WINDOWS\SYSTEM32;C:\WINDOWS\WinSxS\amd64_microsoft.windows.common-controls_6595b64144ccf1df_6.0.19041.488_none_ca04af081b815d21;F:\java\corretto_11\bin\server;C:\Program Files\JetBrains\IntelliJ IDEA Community Edition 2019.2\bin;C:\Users\Gary\AppData\Local\Temp

VM Arguments:
jvm_args: -ea -Didea.test.cyclic.buffer.size=1048576 -javaagent:C:\Program Files\JetBrains\IntelliJ IDEA Community Edition 2019.2\lib\idea_rt.jar=60369:C:\Program Files\JetBrains\IntelliJ IDEA Community Edition 2019.2\bin -Dfile.encoding=UTF-8 
java_command: com.intellij.rt.junit.JUnitStarter -ideVersion5 -junit4 com.amazonaws.connectors.athena.cassandra.CassandraRecordHandlerNyTaxiIT
java_class_path (initial): C:\Program Files\JetBrains\IntelliJ IDEA Community Edition 2019.2\lib\idea_rt.jar;C:\Program Files\JetBrains\IntelliJ IDEA Community Edition 2019.2\plugins\junit\lib\junit5-rt.jar;C:\Program Files\JetBrains\IntelliJ IDEA Community Edition 2019.2\plugins\junit\lib\junit-rt.jar;F:\git-gms\aws-athena-query-federation\athena-cassandra\target\test-classes;F:\git-gms\aws-athena-query-federation\athena-cassandra\target\classes;C:\Users\Gary\.m2\repository\com\fasterxml\jackson\core\jackson-annotations\2.11.0\jackson-annotations-2.11.0.jar;C:\Users\Gary\.m2\repository\io\netty\netty-all\4.1.51.Final\netty-all-4.1.51.Final.jar;F:\git-gms\aws-athena-query-federation\athena-federation-sdk\target\classes;C:\Users\Gary\.m2\repository\com\amazonaws\aws-java-sdk-secretsmanager\1.11.490\aws-java-sdk-secretsmanager-1.11.490.jar;C:\Users\Gary\.m2\repository\com\amazonaws\aws-java-sdk-core\1.11.490\aws-java-sdk-core-1.11.490.jar;C:\Users\Gary\.m2\repository\org\apache\httpcomponents\httpclient\4.5.5\httpclient-4.5.5.jar;C:\Users\Gary\.m2\repository\org\apache\httpcomponents\httpcore\4.4.9\httpcore-4.4.9.jar;C:\Users\Gary\.m2\repository\software\amazon\ion\ion-java\1.0.2\ion-java-1.0.2.jar;C:\Users\Gary\.m2\repository\com\fasterxml\jackson\dataformat\jackson-dataformat-cbor\2.6.7\jackson-dataformat-cbor-2.6.7.jar;C:\Users\Gary\.m2\repository\com\amazonaws\jmespath-java\1.11.490\jmespath-java-1.11.490.jar;C:\Users\Gary\.m2\repository\com\amazonaws\aws-java-sdk-glue\1.11.490\aws-java-sdk-glue-1.11.490.jar;C:\Users\Gary\.m2\repository\com\amazonaws\aws-java-sdk-athena\1.11.490\aws-java-sdk-athena-1.11.490.jar;C:\Users\Gary\.m2\repository\org\apache\arrow\arrow-vector\0.11.0\arrow-vector-0.11.0.jar;C:\Users\Gary\.m2\repository\org\apache\arrow\arrow-format\0.11.0\arrow-format-0.11.0.jar;C:\Users\Gary\.m2\repository\joda-time\joda-time\2.9.9\joda-time-2.9.9.jar;C:\Users\Gary\.m2\repository\com\carrotsearch\hppc\0.7.2\hppc-0.7.2.jar;C:\Users\Gary\.m2\repository\c
Launcher Type: SUN_STANDARD

[Global flags]
     intx CICompilerCount                          = 4                                         {product} {ergonomic}
     uint ConcGCThreads                            = 3                                         {product} {ergonomic}
     uint G1ConcRefinementThreads                  = 10                                        {product} {ergonomic}
   size_t G1HeapRegionSize                         = 2097152                                   {product} {ergonomic}
    uintx GCDrainStackTargetSize                   = 64                                        {product} {ergonomic}
   size_t InitialHeapSize                          = 534773760                                 {product} {ergonomic}
   size_t MarkStackSize                            = 4194304                                   {product} {ergonomic}
   size_t MaxHeapSize                              = 8554283008                                {product} {ergonomic}
   size_t MaxNewSize                               = 5131730944                                {product} {ergonomic}
   size_t MinHeapDeltaBytes                        = 2097152                                   {product} {ergonomic}
    uintx NonNMethodCodeHeapSize                   = 5836300                                {pd product} {ergonomic}
    uintx NonProfiledCodeHeapSize                  = 122910970                              {pd product} {ergonomic}
    uintx ProfiledCodeHeapSize                     = 122910970                              {pd product} {ergonomic}
    uintx ReservedCodeCacheSize                    = 251658240                              {pd product} {ergonomic}
     bool SegmentedCodeCache                       = true                                      {product} {ergonomic}
     bool UseCompressedClassPointers               = true                                 {lp64_product} {ergonomic}
     bool UseCompressedOops                        = true                                 {lp64_product} {ergonomic}
     bool UseG1GC                                  = true                                      {product} {ergonomic}
     bool UseLargePagesIndividualAllocation        = false                                  {pd product} {ergonomic}

Logging:
Log output configuration:
 #0: stdout all=warning uptime,level,tags
 #1: stderr all=off uptime,level,tags

Environment Variables:
JAVA_HOME=F:\java\corretto_11
PATH=C:\Program Files\Rockwell Software\RSCommon;C:\Rtools\bin;C:\ProgramData\Anaconda3;C:\ProgramData\Anaconda3\Library\mingw-w64\bin;C:\ProgramData\Anaconda3\Library\usr\bin;C:\ProgramData\Anaconda3\Library\bin;C:\ProgramData\Anaconda3\Scripts;C:\Program Files\Microsoft MPI\Bin\;C:\app\admin\product\12.2.0\dbhome_1\bin;C:\oracle\virtual\product\12.2.0\dbhome_1\bin;C:\WINDOWS\system32;C:\WINDOWS;C:\WINDOWS\System32\Wbem;C:\WINDOWS\System32\WindowsPowerShell\v1.0\;C:\Program Files\MongoDB\Server\3.2\bin;C:\Program Files (x86)\NVIDIA Corporation\PhysX\Common;C:\Program Files\nodejs\;C:\Program Files\PuTTY\;C:\Program Files (x86)\Gow\bin;C:\Apps\apache-maven-3.3.9\bin;C:\Program Files\Git\cmd;C:\Program Files\Amazon\AWSCLI\;C:\WINDOWS\system32;C:\WINDOWS;C:\WINDOWS\System32\Wbem;C:\WINDOWS\System32\WindowsPowerShell\v1.0\;C:\WINDOWS\System32\OpenSSH\;C:\Program Files\dotnet\;C:\Program Files\Microsoft SQL Server\130\Tools\Binn\;C:\Program Files\Microsoft SQL Server\Client SDK\ODBC\170\Tools\Binn\;F:\Program Files\MATLAB\R2020a\runtime\win64;F:\Program Files\MATLAB\R2020a\bin;F:\apps\python\2.7;F:\apps\python\2.7\scripts;F:\apps\cqlsh\bin;C:\Program Files\Docker\Docker\resources\bin;C:\ProgramData\DockerDesktop\version-bin;F:\java\corretto_11\bin;C:\Users\Gary\Anaconda3;C:\Users\Gary\Anaconda3\Scripts;C:\Users\Gary\Anaconda3\Library\bin;C:\Users\Gary\AppData\Local\Microsoft\WindowsApps;C:\Users\Gary\AppData\Roaming\npm;c:\Apps\spark\bin;C:\Users\Gary\AppData\Local\atom\bin;C:\Users\Gary\AppData\Local\Microsoft\WindowsApps;;C:\Program Files\JetBrains\IntelliJ IDEA Community Edition 2019.2\bin;;C:\Users\Gary\AppData\Roaming\TinyTeX\bin\win32
USERNAME=Gary
OS=Windows_NT
PROCESSOR_IDENTIFIER=Intel64 Family 6 Model 158 Stepping 10, GenuineIntel



---------------  S Y S T E M  ---------------

OS: Windows 10 , 64 bit Build 19041 (10.0.19041.292)
OS uptime: 10 days 12:09 hours
HyperV virtualization detected

CPU:total 12 (initial active 12) (6 cores per cpu, 2 threads per core) family 6 model 158 stepping 10, cmov, cx8, fxsr, mmx, sse, sse2, sse3, ssse3, sse4.1, sse4.2, popcnt, avx, avx2, aes, clmul, erms, rtm, 3dnowpref, lzcnt, ht, tsc, tscinvbit, bmi1, bmi2, adx, fma

Memory: 4k page, system-wide physical 32629M (12021M free)
TotalPageFile size 38629M (AvailPageFile size 612M)
current process WorkingSet (physical memory assigned to process): 1286M, peak: 1286M
current process commit charge ("private bytes"): 1333M, peak: 2023M

vm_info: OpenJDK 64-Bit Server VM (11.0.7+10-LTS) for windows-amd64 JRE (11.0.7+10-LTS), built on Apr 10 2020 08:08:39 by "Administrator" with MS VC++ 15.9 (VS2017)

END.
